2025-10-24 22:29:01 INFO  CustomArray - Array of size 10 was created
2025-10-24 22:29:01 INFO  CustomArray - The item 1a was added to the array
2025-10-24 22:29:01 INFO  CustomArray - The item 2b was added to the array
2025-10-24 22:29:01 INFO  CustomArray - The item 3c was added to the array
2025-10-24 22:29:01 INFO  CustomArray - The item 4d was added to the array
2025-10-24 22:29:01 INFO  CustomArray - The item 5e was added to the array
2025-10-24 22:29:01 INFO  CustomArray - The item 6f was added to the array
2025-10-24 22:29:01 INFO  CustomArray - The item 7g was added to the array
2025-10-24 22:29:01 INFO  CustomArray - The item 8h was added to the array
2025-10-24 22:29:01 INFO  CustomArray - The item 9i was added to the array
2025-10-24 22:29:26 INFO  CustomArray - Array of size 10 was created
2025-10-24 22:29:26 INFO  CustomArray - The item 1a was added to the array
2025-10-24 22:29:26 INFO  CustomArray - The item 2b was added to the array
2025-10-24 22:29:26 INFO  CustomArray - The item 3c was added to the array
2025-10-24 22:29:26 INFO  CustomArray - The item 4d was added to the array
2025-10-24 22:29:26 INFO  CustomArray - The item 5e was added to the array
2025-10-24 22:29:26 INFO  CustomArray - The item 6f was added to the array
2025-10-24 22:29:26 INFO  CustomArray - The item 7g was added to the array
2025-10-24 22:29:26 INFO  CustomArray - The item 8h was added to the array
2025-10-24 22:29:26 INFO  CustomArray - The item 9i was added to the array
2025-10-25 01:40:57 INFO  CustomArray - Array of size 10 was created
2025-10-25 01:40:57 INFO  CustomArray - The item 1a was added to the array
2025-10-25 01:40:57 INFO  CustomArray - The item 2b was added to the array
2025-10-25 01:40:57 INFO  CustomArray - The item 3c was added to the array
2025-10-25 01:40:57 INFO  CustomArray - The item 4d was added to the array
2025-10-25 01:40:57 INFO  CustomArray - The item 5e was added to the array
2025-10-25 01:40:57 INFO  CustomArray - The item 6f was added to the array
2025-10-25 01:40:57 INFO  CustomArray - The item 7g was added to the array
2025-10-25 01:40:57 INFO  CustomArray - The item 8h was added to the array
2025-10-25 01:40:57 INFO  CustomArray - The item 9i was added to the array
2025-10-25 01:52:11 INFO  CustomArray - Array of size 10 was created
2025-10-25 01:52:11 INFO  CustomArray - The item 1a was added to the array
2025-10-25 01:52:11 INFO  CustomArray - The item 2b was added to the array
2025-10-25 01:52:11 INFO  CustomArray - The item 3c was added to the array
2025-10-25 01:52:11 INFO  CustomArray - The item 4d was added to the array
2025-10-25 01:52:11 INFO  CustomArray - The item 5e was added to the array
2025-10-25 01:52:11 INFO  CustomArray - The item 6f was added to the array
2025-10-25 01:52:11 INFO  CustomArray - The item 7g was added to the array
2025-10-25 01:52:11 INFO  CustomArray - The item 8h was added to the array
2025-10-25 01:52:11 INFO  CustomArray - The item 9i was added to the array
2025-10-25 01:52:11 ERROR ArrFactory - Array size must be greater than 0
2025-10-25 02:17:46 INFO  CustomArray - Array of size 10 was created
2025-10-25 02:17:46 INFO  CustomArray - The item 1a was added to the array
2025-10-25 02:17:46 INFO  CustomArray - The item 2b was added to the array
2025-10-25 02:17:46 INFO  CustomArray - The item 3c was added to the array
2025-10-25 02:17:46 INFO  CustomArray - The item 4d was added to the array
2025-10-25 02:17:46 INFO  CustomArray - The item 5e was added to the array
2025-10-25 02:17:46 INFO  CustomArray - The item 6f was added to the array
2025-10-25 02:17:46 INFO  CustomArray - The item 7g was added to the array
2025-10-25 02:17:46 INFO  CustomArray - The item 8h was added to the array
2025-10-25 02:17:46 INFO  CustomArray - The item 9i was added to the array
2025-10-25 02:17:46 ERROR CustomArrayValidatorImpl - Invalid array size -5
2025-10-25 02:27:31 INFO  CustomArray - Array of size 10 was created
2025-10-25 02:27:31 INFO  CustomArray - The item 1a was added to the array
2025-10-25 02:27:31 INFO  CustomArray - The item 2b was added to the array
2025-10-25 02:27:31 INFO  CustomArray - The item 3c was added to the array
2025-10-25 02:27:31 INFO  CustomArray - The item 4d was added to the array
2025-10-25 02:27:31 INFO  CustomArray - The item 5e was added to the array
2025-10-25 02:27:31 INFO  CustomArray - The item 6f was added to the array
2025-10-25 02:27:31 INFO  CustomArray - The item 7g was added to the array
2025-10-25 02:27:31 INFO  CustomArray - The item 8h was added to the array
2025-10-25 02:27:31 INFO  CustomArray - The item 9i was added to the array
2025-10-25 02:37:07 INFO  CustomArray - Array of size 10 was created
2025-10-25 02:37:07 INFO  CustomArray - The item 1a was added to the array
2025-10-25 02:37:07 INFO  CustomArray - The item 2b was added to the array
2025-10-25 02:37:07 INFO  CustomArray - The item 3c was added to the array
2025-10-25 02:37:07 INFO  CustomArray - The item 4d was added to the array
2025-10-25 02:37:07 INFO  CustomArray - The item 5e was added to the array
2025-10-25 02:37:07 INFO  CustomArray - The item 6f was added to the array
2025-10-25 02:37:07 INFO  CustomArray - The item 7g was added to the array
2025-10-25 02:37:07 INFO  CustomArray - The item 8h was added to the array
2025-10-25 02:37:07 INFO  CustomArray - The item 9i was added to the array
2025-10-25 02:37:19 INFO  CustomArray - Array of size 10 was created
2025-10-25 02:37:19 INFO  CustomArray - The item 1a was added to the array
2025-10-25 02:37:19 INFO  CustomArray - The item 2b was added to the array
2025-10-25 02:37:19 INFO  CustomArray - The item 3c was added to the array
2025-10-25 02:37:19 INFO  CustomArray - The item 4d was added to the array
2025-10-25 02:37:19 INFO  CustomArray - The item 5e was added to the array
2025-10-25 02:37:19 INFO  CustomArray - The item 6f was added to the array
2025-10-25 02:37:19 INFO  CustomArray - The item 7g was added to the array
2025-10-25 02:37:19 INFO  CustomArray - The item 8h was added to the array
2025-10-25 02:37:19 INFO  CustomArray - The item 9i was added to the array
2025-10-25 02:37:19 ERROR CustomArrayValidatorImpl - Invalid array size -5
2025-10-25 02:39:25 INFO  CustomArray - Array of size 10 was created
2025-10-25 02:39:25 INFO  CustomArray - The item 1a was added to the array
2025-10-25 02:39:25 INFO  CustomArray - The item 2b was added to the array
2025-10-25 02:39:25 INFO  CustomArray - The item 3c was added to the array
2025-10-25 02:39:25 INFO  CustomArray - The item 4d was added to the array
2025-10-25 02:39:25 INFO  CustomArray - The item 5e was added to the array
2025-10-25 02:39:25 INFO  CustomArray - The item 6f was added to the array
2025-10-25 02:39:25 INFO  CustomArray - The item 7g was added to the array
2025-10-25 02:39:25 INFO  CustomArray - The item 8h was added to the array
2025-10-25 02:39:25 INFO  CustomArray - The item 9i was added to the array
2025-10-25 02:40:25 INFO  CustomArray - Array of size 10 was created
2025-10-25 02:40:25 INFO  CustomArray - The item 1a was added to the array
2025-10-25 02:40:25 INFO  CustomArray - The item 2b was added to the array
2025-10-25 02:40:25 INFO  CustomArray - The item 3c was added to the array
2025-10-25 02:40:25 INFO  CustomArray - The item 4d was added to the array
2025-10-25 02:40:25 INFO  CustomArray - The item 5e was added to the array
2025-10-25 02:40:25 INFO  CustomArray - The item 6f was added to the array
2025-10-25 02:40:25 INFO  CustomArray - The item 7g was added to the array
2025-10-25 02:40:25 INFO  CustomArray - The item 8h was added to the array
2025-10-25 02:40:25 INFO  CustomArray - The item 9i was added to the array
2025-10-25 02:42:12 INFO  CustomArray - Array of size 10 was created
2025-10-25 02:42:12 INFO  CustomArray - The item 1a was added to the array
2025-10-25 02:42:12 INFO  CustomArray - The item 2b was added to the array
2025-10-25 02:42:12 INFO  CustomArray - The item 3c was added to the array
2025-10-25 02:42:12 INFO  CustomArray - The item 4d was added to the array
2025-10-25 02:42:12 INFO  CustomArray - The item 5e was added to the array
2025-10-25 02:42:12 INFO  CustomArray - The item 6f was added to the array
2025-10-25 02:42:12 INFO  CustomArray - The item 7g was added to the array
2025-10-25 02:42:12 INFO  CustomArray - The item 8h was added to the array
2025-10-25 02:42:12 INFO  CustomArray - The item 9i was added to the array
2025-10-25 02:43:53 INFO  CustomArray - Array of size 10 was created
2025-10-25 02:43:53 INFO  CustomArray - The item 1a was added to the array
2025-10-25 02:43:53 INFO  CustomArray - The item 2b was added to the array
2025-10-25 02:43:53 INFO  CustomArray - The item 3c was added to the array
2025-10-25 02:43:53 INFO  CustomArray - The item 4d was added to the array
2025-10-25 02:43:53 INFO  CustomArray - The item 5e was added to the array
2025-10-25 02:43:53 INFO  CustomArray - The item 6f was added to the array
2025-10-25 02:43:53 INFO  CustomArray - The item 7g was added to the array
2025-10-25 02:43:53 INFO  CustomArray - The item 8h was added to the array
2025-10-25 02:43:53 INFO  CustomArray - The item 9i was added to the array
2025-10-25 02:51:13 INFO  CustomArray - Array of size 10 was created
2025-10-25 02:51:13 INFO  CustomArray - The item 1a was added to the array
2025-10-25 02:51:13 INFO  CustomArray - The item 2b was added to the array
2025-10-25 02:51:13 INFO  CustomArray - The item 3c was added to the array
2025-10-25 02:51:13 INFO  CustomArray - The item 4d was added to the array
2025-10-25 02:51:13 INFO  CustomArray - The item 5e was added to the array
2025-10-25 02:51:13 INFO  CustomArray - The item 6f was added to the array
2025-10-25 02:51:13 INFO  CustomArray - The item 7g was added to the array
2025-10-25 02:51:13 INFO  CustomArray - The item 8h was added to the array
2025-10-25 02:51:13 INFO  CustomArray - The item 9i was added to the array
2025-10-25 02:52:49 INFO  CustomArray - Array of size 10 was created
2025-10-25 02:52:49 INFO  CustomArray - The item 1a was added to the array
2025-10-25 02:52:49 INFO  CustomArray - The item 2b was added to the array
2025-10-25 02:52:49 INFO  CustomArray - The item 3c was added to the array
2025-10-25 02:52:49 INFO  CustomArray - The item 4d was added to the array
2025-10-25 02:52:49 INFO  CustomArray - The item 5e was added to the array
2025-10-25 02:52:49 INFO  CustomArray - The item 6f was added to the array
2025-10-25 02:52:49 INFO  CustomArray - The item 7g was added to the array
2025-10-25 02:52:49 INFO  CustomArray - The item 8h was added to the array
2025-10-25 02:52:49 INFO  CustomArray - The item 9i was added to the array
2025-10-25 02:52:49 INFO  CustomArray - Array of size 1 was created
2025-10-25 02:57:14 INFO  CustomArray - Array of size 0 was created
2025-10-25 02:57:14 INFO  CustomArray - The item 1a was added to the array
2025-10-25 02:57:14 INFO  CustomArray - The item 2b was added to the array
2025-10-25 02:57:14 INFO  CustomArray - The item 3c was added to the array
2025-10-25 02:57:14 INFO  CustomArray - The item 4d was added to the array
2025-10-25 02:57:14 INFO  CustomArray - The item 5e was added to the array
2025-10-25 02:57:14 INFO  CustomArray - The item 6f was added to the array
2025-10-25 02:57:14 INFO  CustomArray - The item 7g was added to the array
2025-10-25 02:57:14 INFO  CustomArray - The item 8h was added to the array
2025-10-25 02:57:14 INFO  CustomArray - The item 9i was added to the array
2025-10-25 02:57:14 INFO  CustomArray - Array of size 0 was created
2025-10-25 02:58:29 INFO  CustomArray - Array of capacity 10 was created
2025-10-25 02:58:29 INFO  CustomArray - The item 1a was added to the array
2025-10-25 02:58:29 INFO  CustomArray - The item 2b was added to the array
2025-10-25 02:58:29 INFO  CustomArray - The item 3c was added to the array
2025-10-25 02:58:29 INFO  CustomArray - The item 4d was added to the array
2025-10-25 02:58:29 INFO  CustomArray - The item 5e was added to the array
2025-10-25 02:58:29 INFO  CustomArray - The item 6f was added to the array
2025-10-25 02:58:29 INFO  CustomArray - The item 7g was added to the array
2025-10-25 02:58:29 INFO  CustomArray - The item 8h was added to the array
2025-10-25 02:58:29 INFO  CustomArray - The item 9i was added to the array
2025-10-25 02:58:29 INFO  CustomArray - Array of capacity 1 was created
2025-10-25 03:02:05 INFO  CustomArray - Array of capacity 10 was created
2025-10-25 03:02:05 INFO  CustomArray - The item 1a was added to the array
2025-10-25 03:02:05 INFO  CustomArray - The item 2b was added to the array
2025-10-25 03:02:05 INFO  CustomArray - The item 3c was added to the array
2025-10-25 03:02:05 INFO  CustomArray - The item 4d was added to the array
2025-10-25 03:02:05 INFO  CustomArray - The item 5e was added to the array
2025-10-25 03:02:05 INFO  CustomArray - The item 6f was added to the array
2025-10-25 03:02:05 INFO  CustomArray - The item 7g was added to the array
2025-10-25 03:02:05 INFO  CustomArray - The item 8h was added to the array
2025-10-25 03:02:05 INFO  CustomArray - The item 9i was added to the array
2025-10-25 03:02:05 INFO  CustomArray - Array of capacity 1 was created
2025-10-25 03:11:34 INFO  CustomArray - Array of capacity 10 was created
2025-10-25 03:11:34 INFO  CustomArray - The item 1a was added to the array
2025-10-25 03:11:34 INFO  CustomArray - The item 2b was added to the array
2025-10-25 03:11:34 INFO  CustomArray - The item 3c was added to the array
2025-10-25 03:11:34 INFO  CustomArray - The item 4d was added to the array
2025-10-25 03:11:34 INFO  CustomArray - The item 5e was added to the array
2025-10-25 03:11:34 INFO  CustomArray - The item 6f was added to the array
2025-10-25 03:11:34 INFO  CustomArray - The item 7g was added to the array
2025-10-25 03:11:34 INFO  CustomArray - The item 8h was added to the array
2025-10-25 03:11:34 INFO  CustomArray - The item 9i was added to the array
2025-10-25 03:11:34 INFO  CustomArray - Array of capacity 1 was created
2025-10-25 03:11:34 INFO  CustomArray - The item 4d was added to the array
2025-10-25 03:11:34 ERROR CustomArray - Error occured while adding 5e to the array
2025-10-25 03:11:50 INFO  CustomArray - Array of capacity 10 was created
2025-10-25 03:11:50 INFO  CustomArray - The item 1a was added to the array
2025-10-25 03:11:50 INFO  CustomArray - The item 2b was added to the array
2025-10-25 03:11:50 INFO  CustomArray - The item 3c was added to the array
2025-10-25 03:11:50 INFO  CustomArray - The item 4d was added to the array
2025-10-25 03:11:50 INFO  CustomArray - The item 5e was added to the array
2025-10-25 03:11:50 INFO  CustomArray - The item 6f was added to the array
2025-10-25 03:11:50 INFO  CustomArray - The item 7g was added to the array
2025-10-25 03:11:50 INFO  CustomArray - The item 8h was added to the array
2025-10-25 03:11:50 INFO  CustomArray - The item 9i was added to the array
2025-10-25 03:11:50 INFO  CustomArray - Array of capacity 1 was created
2025-10-25 03:12:31 INFO  CustomArray - Array of capacity 10 was created
2025-10-25 03:12:31 INFO  CustomArray - The item 1a was added to the array
2025-10-25 03:12:31 INFO  CustomArray - The item 2b was added to the array
2025-10-25 03:12:31 INFO  CustomArray - The item 3c was added to the array
2025-10-25 03:12:31 INFO  CustomArray - The item 4d was added to the array
2025-10-25 03:12:31 INFO  CustomArray - The item 5e was added to the array
2025-10-25 03:12:31 INFO  CustomArray - The item 6f was added to the array
2025-10-25 03:12:31 INFO  CustomArray - The item 7g was added to the array
2025-10-25 03:12:31 INFO  CustomArray - The item 8h was added to the array
2025-10-25 03:12:31 INFO  CustomArray - The item 9i was added to the array
2025-10-25 03:12:31 INFO  CustomArray - Array of capacity 1 was created
2025-10-25 03:16:54 INFO  CustomArray - Array of capacity 10 was created
2025-10-25 03:16:54 INFO  CustomArray - The item 1a was added to the array
2025-10-25 03:16:54 INFO  CustomArray - The item 2b was added to the array
2025-10-25 03:16:54 INFO  CustomArray - The item 3c was added to the array
2025-10-25 03:16:54 INFO  CustomArray - The item 4d was added to the array
2025-10-25 03:16:54 INFO  CustomArray - The item 5e was added to the array
2025-10-25 03:16:54 INFO  CustomArray - The item 6f was added to the array
2025-10-25 03:16:54 INFO  CustomArray - The item 7g was added to the array
2025-10-25 03:16:54 INFO  CustomArray - The item 8h was added to the array
2025-10-25 03:16:54 INFO  CustomArray - The item 9i was added to the array
2025-10-25 03:16:54 INFO  CustomArray - Array of capacity 1 was created
2025-10-25 03:36:59 INFO  CustomArray - Array of capacity 10 was created
2025-10-25 03:36:59 INFO  CustomArray - The item 1a was added to the array
2025-10-25 03:36:59 INFO  CustomArray - The item 2b was added to the array
2025-10-25 03:36:59 INFO  CustomArray - The item 3c was added to the array
2025-10-25 03:36:59 INFO  CustomArray - The item 4d was added to the array
2025-10-25 03:36:59 INFO  CustomArray - The item 5e was added to the array
2025-10-25 03:36:59 INFO  CustomArray - The item 6f was added to the array
2025-10-25 03:36:59 INFO  CustomArray - The item 7g was added to the array
2025-10-25 03:36:59 INFO  CustomArray - The item 8h was added to the array
2025-10-25 03:36:59 INFO  CustomArray - The item 9i was added to the array
2025-10-25 03:36:59 INFO  AvgLengthServiceImpl - Avg length: 2
2025-10-25 03:36:59 INFO  CustomArray - Array of capacity 1 was created
2025-10-25 03:36:59 INFO  CountOfElemServiceImpl - Count of elements(9)
2025-10-25 03:37:48 INFO  CustomArray - Array of capacity 10 was created
2025-10-25 03:37:48 INFO  CustomArray - The item 1a was added to the array
2025-10-25 03:37:48 INFO  CustomArray - The item 2b2 was added to the array
2025-10-25 03:37:48 INFO  CustomArray - The item 3c33 was added to the array
2025-10-25 03:37:48 INFO  CustomArray - The item 4d444 was added to the array
2025-10-25 03:37:48 INFO  CustomArray - The item 5e5555 was added to the array
2025-10-25 03:37:48 INFO  CustomArray - The item 6f66666 was added to the array
2025-10-25 03:37:48 INFO  CustomArray - The item 7g777777 was added to the array
2025-10-25 03:37:48 INFO  CustomArray - The item 8h8888888 was added to the array
2025-10-25 03:37:48 INFO  CustomArray - The item 9i99999999 was added to the array
2025-10-25 03:37:48 INFO  AvgLengthServiceImpl - Avg length: 6
2025-10-25 03:37:48 INFO  CustomArray - Array of capacity 1 was created
2025-10-25 03:37:48 INFO  CountOfElemServiceImpl - Count of elements(9)
2025-10-25 03:43:51 INFO  CustomArray - Array of capacity 10 was created
2025-10-25 03:43:51 INFO  CustomArray - The item 1a was added to the array
2025-10-25 03:43:51 INFO  CustomArray - The item 2b2 was added to the array
2025-10-25 03:43:51 INFO  CustomArray - The item 3c33 was added to the array
2025-10-25 03:43:51 INFO  CustomArray - The item 4d444 was added to the array
2025-10-25 03:43:51 INFO  CustomArray - The item 5e5555 was added to the array
2025-10-25 03:43:51 INFO  CustomArray - The item 6f66666 was added to the array
2025-10-25 03:43:51 INFO  CustomArray - The item 7g777777 was added to the array
2025-10-25 03:43:51 INFO  CustomArray - The item 8h8888888 was added to the array
2025-10-25 03:43:51 INFO  CustomArray - The item 9i99999999 was added to the array
2025-10-25 03:43:51 INFO  AvgLengthServiceImpl - Avg length: 6
2025-10-25 03:43:51 INFO  CustomArray - Array of capacity 1 was created
2025-10-25 03:43:51 INFO  CountOfElemServiceImpl - Count of elements(9)
2025-10-25 03:43:51 INFO  MinMaxServiceImpl - min = 1a
2025-10-25 03:43:51 INFO  MinMaxServiceImpl - max = 9i99999999
2025-10-25 03:43:51 INFO  SumServiceImpl - Sum length: 54
2025-10-25 03:44:16 INFO  CustomArray - Array of capacity 10 was created
2025-10-25 03:44:16 INFO  CustomArray - The item 1a was added to the array
2025-10-25 03:44:16 INFO  CustomArray - The item 2b2 was added to the array
2025-10-25 03:44:16 INFO  CustomArray - The item 3c33 was added to the array
2025-10-25 03:44:16 INFO  CustomArray - The item 4d444 was added to the array
2025-10-25 03:44:16 INFO  CustomArray - The item 5e5555 was added to the array
2025-10-25 03:44:16 INFO  CustomArray - The item 6f66666 was added to the array
2025-10-25 03:44:16 INFO  CustomArray - The item 7g777777 was added to the array
2025-10-25 03:44:16 INFO  CustomArray - The item 8h8888888 was added to the array
2025-10-25 03:44:16 INFO  CustomArray - The item 9i99999999 was added to the array
2025-10-25 03:44:16 INFO  AvgLengthServiceImpl - Avg length: 6
2025-10-25 03:44:16 INFO  CustomArray - Array of capacity 1 was created
2025-10-25 03:44:16 INFO  CountOfElemServiceImpl - Count of elements(9)
2025-10-25 03:44:16 INFO  MinMaxServiceImpl - min = 1a
2025-10-25 03:44:16 INFO  MinMaxServiceImpl - max = 9i99999999
2025-10-25 03:44:16 INFO  SumServiceImpl - Sum length: 54
2025-10-25 04:06:58 INFO  CustomArray - Array of capacity 10 was created
2025-10-25 04:06:58 INFO  CustomArray - The item 1a was added to the array
2025-10-25 04:06:58 INFO  CustomArray - The item 2b2 was added to the array
2025-10-25 04:06:58 INFO  CustomArray - The item 3c33 was added to the array
2025-10-25 04:06:58 INFO  CustomArray - The item 4d444 was added to the array
2025-10-25 04:06:58 INFO  CustomArray - The item 5e5555 was added to the array
2025-10-25 04:06:58 INFO  CustomArray - The item 6f66666 was added to the array
2025-10-25 04:06:58 INFO  CustomArray - The item 7g777777 was added to the array
2025-10-25 04:06:58 INFO  CustomArray - The item 8h8888888 was added to the array
2025-10-25 04:06:58 INFO  CustomArray - The item 9i99999999 was added to the array
2025-10-25 04:06:58 INFO  AvgLengthServiceImpl - Avg length: 6
2025-10-25 04:06:58 INFO  CustomArray - Array of capacity 1 was created
2025-10-25 04:06:58 INFO  CountOfElemServiceImpl - Count of elements(9)
2025-10-25 04:06:58 INFO  MinMaxServiceImpl - min = 1a
2025-10-25 04:06:58 INFO  MinMaxServiceImpl - max = 9i99999999
2025-10-25 04:06:58 INFO  SumServiceImpl - Sum length: 54
2025-10-25 04:07:08 INFO  CustomArray - Array of capacity 10 was created
2025-10-25 04:07:08 INFO  CustomArray - The item 1a was added to the array
2025-10-25 04:07:08 INFO  CustomArray - The item 2b2 was added to the array
2025-10-25 04:07:08 INFO  CustomArray - The item 3c33 was added to the array
2025-10-25 04:07:08 INFO  CustomArray - The item 4d444 was added to the array
2025-10-25 04:07:08 INFO  CustomArray - The item 5e5555 was added to the array
2025-10-25 04:07:08 INFO  CustomArray - The item 6f66666 was added to the array
2025-10-25 04:07:08 INFO  CustomArray - The item 7g777777 was added to the array
2025-10-25 04:07:08 INFO  CustomArray - The item 8h8888888 was added to the array
2025-10-25 04:07:08 INFO  CustomArray - The item 9i99999999 was added to the array
2025-10-25 04:07:08 INFO  AvgLengthServiceImpl - Avg length: 6
2025-10-25 04:07:08 INFO  CustomArray - Array of capacity 1 was created
2025-10-25 04:07:08 INFO  CountOfElemServiceImpl - Count of elements(9)
2025-10-25 04:07:08 INFO  MinMaxServiceImpl - min = 1a
2025-10-25 04:07:08 INFO  MinMaxServiceImpl - max = 9i99999999
2025-10-25 04:07:08 INFO  SumServiceImpl - Sum length: 54
2025-10-27 18:29:34 INFO  CustomArray - Array of capacity 10 was created
2025-10-27 18:29:34 INFO  CustomArray - The item 1aegaegaa was added to the array
2025-10-27 18:29:34 INFO  CustomArray - The item 2baeaegaegaegaeg22 was added to the array
2025-10-27 18:29:34 INFO  CustomArray - The item 3c3ge3 was added to the array
2025-10-27 18:29:34 INFO  CustomArray - The item 4d44ae4 was added to the array
2025-10-27 18:29:34 INFO  CustomArray - The item 5e55gegegeg55 was added to the array
2025-10-27 18:29:34 INFO  CustomArray - The item 6f66666 was added to the array
2025-10-27 18:29:34 INFO  CustomArray - The item 7g777geg777 was added to the array
2025-10-27 18:29:34 INFO  CustomArray - The item 8h8888888 was added to the array
2025-10-27 18:29:34 INFO  CustomArray - The item 9i99999eeeee999 was added to the array
2025-10-27 18:29:34 INFO  AvgLengthServiceImpl - Avg length: 10
2025-10-27 18:29:34 INFO  CustomArray - Array of capacity 1 was created
2025-10-27 18:29:34 INFO  CountOfElemServiceImpl - Count of elements(9)
2025-10-27 18:29:34 INFO  MinMaxServiceImpl - min = 3c3ge3
2025-10-27 18:29:34 INFO  MinMaxServiceImpl - max = 2baeaegaegaegaeg22
2025-10-27 18:29:34 INFO  SumServiceImpl - Sum length: 95
2025-10-27 18:29:34 INFO  ReplaceByConditionServiceImpl - Element 2 replaced with value 2
2025-10-27 18:35:12 INFO  CustomArray - Array of capacity 10 was created
2025-10-27 18:35:12 INFO  CustomArray - The item 1aegaegaa was added to the array
2025-10-27 18:35:12 INFO  CustomArray - The item 2baeaegaegaegaeg22 was added to the array
2025-10-27 18:35:12 INFO  CustomArray - The item 3c3ge3 was added to the array
2025-10-27 18:35:12 INFO  CustomArray - The item 4d44ae4 was added to the array
2025-10-27 18:35:12 INFO  CustomArray - The item 5e55gegegeg55 was added to the array
2025-10-27 18:35:12 INFO  CustomArray - The item 6f66666 was added to the array
2025-10-27 18:35:12 INFO  CustomArray - The item 7g777geg777 was added to the array
2025-10-27 18:35:12 INFO  CustomArray - The item 8h8888888 was added to the array
2025-10-27 18:35:12 INFO  CustomArray - The item 9i99999eeeee999 was added to the array
2025-10-27 18:35:12 INFO  AvgLengthServiceImpl - Avg length: 10
2025-10-27 18:35:12 INFO  CustomArray - Array of capacity 1 was created
2025-10-27 18:35:12 INFO  CountOfElemServiceImpl - Count of elements(9)
2025-10-27 18:35:12 INFO  MinMaxServiceImpl - min = 3c3ge3
2025-10-27 18:35:12 INFO  MinMaxServiceImpl - max = 2baeaegaegaegaeg22
2025-10-27 18:35:12 INFO  SumServiceImpl - Sum length: 95
2025-10-27 18:35:12 INFO  ReplaceByConditionServiceImpl - Element 2 replaced with value 2
2025-10-27 18:49:23 INFO  CustomArray - Array of capacity 10 was created
2025-10-27 18:49:23 INFO  CustomArray - The item 1aegaegaa was added to the array
2025-10-27 18:49:23 INFO  CustomArray - The item 2baeaegaegaegaeg22 was added to the array
2025-10-27 18:49:23 INFO  CustomArray - The item 3c3ge3 was added to the array
2025-10-27 18:49:23 INFO  CustomArray - The item 4d44ae4 was added to the array
2025-10-27 18:49:23 INFO  CustomArray - The item 5e55gegegeg55 was added to the array
2025-10-27 18:49:23 INFO  CustomArray - The item 6f66666 was added to the array
2025-10-27 18:49:23 INFO  CustomArray - The item 7g777geg777 was added to the array
2025-10-27 18:49:23 INFO  CustomArray - The item 8h8888888 was added to the array
2025-10-27 18:49:23 INFO  CustomArray - The item 9i99999eeeee999 was added to the array
2025-10-27 18:49:23 INFO  AvgLengthServiceImpl - Avg length: 10
2025-10-27 18:49:23 INFO  CustomArray - Array of capacity 1 was created
2025-10-27 18:49:23 INFO  CountOfElemServiceImpl - Count of elements(9)
2025-10-27 18:49:23 INFO  MinMaxServiceImpl - min = 3c3ge3
2025-10-27 18:49:23 INFO  MinMaxServiceImpl - max = 2baeaegaegaegaeg22
2025-10-27 18:49:23 INFO  SumServiceImpl - Sum length: 95
2025-10-27 18:49:23 INFO  ReplaceByConditionServiceImpl - Element 2 replaced with value 2
2025-10-27 18:49:23 INFO  ArrayReader - Reading array data from file: resources/input.txt
2025-10-27 18:49:23 ERROR ArrayReader - Error reading from file: resources/input.txt
java.io.FileNotFoundException: resources\input.txt (Системе не удается найти указанный путь)
	at java.base/java.io.FileInputStream.open0(Native Method)
	at java.base/java.io.FileInputStream.open(FileInputStream.java:213)
	at java.base/java.io.FileInputStream.<init>(FileInputStream.java:152)
	at java.base/java.io.FileInputStream.<init>(FileInputStream.java:106)
	at java.base/java.io.FileReader.<init>(FileReader.java:60)
	at com.inkspac3.reader.ArrayReader.readFromFile(ArrayReader.java:27)
	at com.inkspac3.Main.main(Main.java:58)
2025-10-27 18:56:22 INFO  CustomArray - Array of capacity 10 was created
2025-10-27 18:56:22 INFO  CustomArray - The item 1aegaegaa was added to the array
2025-10-27 18:56:22 INFO  CustomArray - The item 2baeaegaegaegaeg22 was added to the array
2025-10-27 18:56:22 INFO  CustomArray - The item 3c3ge3 was added to the array
2025-10-27 18:56:22 INFO  CustomArray - The item 4d44ae4 was added to the array
2025-10-27 18:56:22 INFO  CustomArray - The item 5e55gegegeg55 was added to the array
2025-10-27 18:56:22 INFO  CustomArray - The item 6f66666 was added to the array
2025-10-27 18:56:22 INFO  CustomArray - The item 7g777geg777 was added to the array
2025-10-27 18:56:22 INFO  CustomArray - The item 8h8888888 was added to the array
2025-10-27 18:56:22 INFO  CustomArray - The item 9i99999eeeee999 was added to the array
2025-10-27 18:56:22 INFO  AvgLengthServiceImpl - Avg length: 10
2025-10-27 18:56:22 INFO  CustomArray - Array of capacity 1 was created
2025-10-27 18:56:22 INFO  CountOfElemServiceImpl - Count of elements(9)
2025-10-27 18:56:22 INFO  MinMaxServiceImpl - min = 3c3ge3
2025-10-27 18:56:22 INFO  MinMaxServiceImpl - max = 2baeaegaegaegaeg22
2025-10-27 18:56:22 INFO  SumServiceImpl - Sum length: 95
2025-10-27 18:56:22 INFO  ReplaceByConditionServiceImpl - Element 2 replaced with value 2
2025-10-27 18:56:22 INFO  ArrayReader - Reading array data from file: java/resources/input.txt
2025-10-27 18:56:22 ERROR ArrayReader - Error reading from file: java/resources/input.txt
java.io.FileNotFoundException: java\resources\input.txt (Системе не удается найти указанный путь)
	at java.base/java.io.FileInputStream.open0(Native Method)
	at java.base/java.io.FileInputStream.open(FileInputStream.java:213)
	at java.base/java.io.FileInputStream.<init>(FileInputStream.java:152)
	at java.base/java.io.FileInputStream.<init>(FileInputStream.java:106)
	at java.base/java.io.FileReader.<init>(FileReader.java:60)
	at com.inkspac3.reader.ArrayReader.readFromFile(ArrayReader.java:27)
	at com.inkspac3.Main.main(Main.java:58)
2025-10-27 18:56:45 INFO  CustomArray - Array of capacity 10 was created
2025-10-27 18:56:45 INFO  CustomArray - The item 1aegaegaa was added to the array
2025-10-27 18:56:45 INFO  CustomArray - The item 2baeaegaegaegaeg22 was added to the array
2025-10-27 18:56:45 INFO  CustomArray - The item 3c3ge3 was added to the array
2025-10-27 18:56:45 INFO  CustomArray - The item 4d44ae4 was added to the array
2025-10-27 18:56:45 INFO  CustomArray - The item 5e55gegegeg55 was added to the array
2025-10-27 18:56:45 INFO  CustomArray - The item 6f66666 was added to the array
2025-10-27 18:56:45 INFO  CustomArray - The item 7g777geg777 was added to the array
2025-10-27 18:56:45 INFO  CustomArray - The item 8h8888888 was added to the array
2025-10-27 18:56:45 INFO  CustomArray - The item 9i99999eeeee999 was added to the array
2025-10-27 18:56:45 INFO  AvgLengthServiceImpl - Avg length: 10
2025-10-27 18:56:45 INFO  CustomArray - Array of capacity 1 was created
2025-10-27 18:56:45 INFO  CountOfElemServiceImpl - Count of elements(9)
2025-10-27 18:56:45 INFO  MinMaxServiceImpl - min = 3c3ge3
2025-10-27 18:56:45 INFO  MinMaxServiceImpl - max = 2baeaegaegaegaeg22
2025-10-27 18:56:45 INFO  SumServiceImpl - Sum length: 95
2025-10-27 18:56:45 INFO  ReplaceByConditionServiceImpl - Element 2 replaced with value 2
2025-10-27 18:56:45 INFO  ArrayReader - Reading array data from file: main/resources/input.txt
2025-10-27 18:56:45 ERROR ArrayReader - Error reading from file: main/resources/input.txt
java.io.FileNotFoundException: main\resources\input.txt (Системе не удается найти указанный путь)
	at java.base/java.io.FileInputStream.open0(Native Method)
	at java.base/java.io.FileInputStream.open(FileInputStream.java:213)
	at java.base/java.io.FileInputStream.<init>(FileInputStream.java:152)
	at java.base/java.io.FileInputStream.<init>(FileInputStream.java:106)
	at java.base/java.io.FileReader.<init>(FileReader.java:60)
	at com.inkspac3.reader.ArrayReader.readFromFile(ArrayReader.java:27)
	at com.inkspac3.Main.main(Main.java:58)
2025-10-27 18:57:03 INFO  CustomArray - Array of capacity 10 was created
2025-10-27 18:57:03 INFO  CustomArray - The item 1aegaegaa was added to the array
2025-10-27 18:57:03 INFO  CustomArray - The item 2baeaegaegaegaeg22 was added to the array
2025-10-27 18:57:03 INFO  CustomArray - The item 3c3ge3 was added to the array
2025-10-27 18:57:03 INFO  CustomArray - The item 4d44ae4 was added to the array
2025-10-27 18:57:03 INFO  CustomArray - The item 5e55gegegeg55 was added to the array
2025-10-27 18:57:03 INFO  CustomArray - The item 6f66666 was added to the array
2025-10-27 18:57:03 INFO  CustomArray - The item 7g777geg777 was added to the array
2025-10-27 18:57:03 INFO  CustomArray - The item 8h8888888 was added to the array
2025-10-27 18:57:03 INFO  CustomArray - The item 9i99999eeeee999 was added to the array
2025-10-27 18:57:03 INFO  AvgLengthServiceImpl - Avg length: 10
2025-10-27 18:57:03 INFO  CustomArray - Array of capacity 1 was created
2025-10-27 18:57:03 INFO  CountOfElemServiceImpl - Count of elements(9)
2025-10-27 18:57:03 INFO  MinMaxServiceImpl - min = 3c3ge3
2025-10-27 18:57:03 INFO  MinMaxServiceImpl - max = 2baeaegaegaegaeg22
2025-10-27 18:57:03 INFO  SumServiceImpl - Sum length: 95
2025-10-27 18:57:03 INFO  ReplaceByConditionServiceImpl - Element 2 replaced with value 2
2025-10-27 18:57:03 INFO  ArrayReader - Reading array data from file: src/main/resources/input.txt
2025-10-27 18:57:03 INFO  CustomArray - Array of capacity 1 was created
2025-10-27 18:57:03 INFO  CustomArray - The item balamut aiho hihi hello mfcv was added to the array
2025-10-27 18:57:03 WARN  ArrayReader - Skipping invalid string: []
2025-10-27 18:57:03 WARN  ArrayReader - Skipping invalid string: [@-%$!@$@%%|}{":><?"?><:"{}|)(*&^%#@!]
2025-10-27 18:57:03 INFO  ArrayReader - Successfully loaded array from file with 1 valid elements
2025-10-27 19:02:01 INFO  CustomArray - Array of capacity 10 was created
2025-10-27 19:02:01 INFO  CustomArray - The item 1aegaegaa was added to the array
2025-10-27 19:02:01 INFO  CustomArray - The item 2baeaegaegaegaeg22 was added to the array
2025-10-27 19:02:01 INFO  CustomArray - The item 3c3ge3 was added to the array
2025-10-27 19:02:01 INFO  CustomArray - The item 4d44ae4 was added to the array
2025-10-27 19:02:01 INFO  CustomArray - The item 5e55gegegeg55 was added to the array
2025-10-27 19:02:01 INFO  CustomArray - The item 6f66666 was added to the array
2025-10-27 19:02:01 INFO  CustomArray - The item 7g777geg777 was added to the array
2025-10-27 19:02:01 INFO  CustomArray - The item 8h8888888 was added to the array
2025-10-27 19:02:01 INFO  CustomArray - The item 9i99999eeeee999 was added to the array
2025-10-27 19:02:01 INFO  AvgLengthServiceImpl - Avg length: 10
2025-10-27 19:02:01 INFO  CustomArray - Array of capacity 1 was created
2025-10-27 19:02:01 INFO  CountOfElemServiceImpl - Count of elements(9)
2025-10-27 19:02:01 INFO  MinMaxServiceImpl - min = 3c3ge3
2025-10-27 19:02:01 INFO  MinMaxServiceImpl - max = 2baeaegaegaegaeg22
2025-10-27 19:02:01 INFO  SumServiceImpl - Sum length: 95
2025-10-27 19:02:01 INFO  ReplaceByConditionServiceImpl - Element 2 replaced with value 2
2025-10-27 19:02:01 INFO  ArrayReader - Reading array data from file: src/main/resources/input.txt
2025-10-27 19:02:01 INFO  CustomArray - Array of capacity 5 was created
2025-10-27 19:02:01 INFO  CustomArray - The item balamut was added to the array
2025-10-27 19:02:01 INFO  CustomArray - The item aiho was added to the array
2025-10-27 19:02:01 INFO  CustomArray - The item hihi was added to the array
2025-10-27 19:02:01 INFO  CustomArray - The item hello was added to the array
2025-10-27 19:02:01 INFO  CustomArray - The item mfcv was added to the array
2025-10-27 19:02:01 WARN  ArrayReader - Skipping invalid token: []
2025-10-27 19:02:01 WARN  ArrayReader - Skipping invalid token: [@-%$!@$@%%|}{":><?"?><:"{}|)(*&^%#@!]
2025-10-27 19:02:01 INFO  ArrayReader - Successfully loaded array from file with 5 valid elements
2025-10-27 19:38:58 INFO  CustomArray - Array of capacity 10 was created
2025-10-27 19:38:58 INFO  CustomArray - The item 1aegaegaa was added to the array
2025-10-27 19:38:58 INFO  CustomArray - The item 2baeaegaegaegaeg22 was added to the array
2025-10-27 19:38:58 INFO  CustomArray - The item 3c3ge3 was added to the array
2025-10-27 19:38:58 INFO  CustomArray - The item 4d44ae4 was added to the array
2025-10-27 19:38:58 INFO  CustomArray - The item 5e55gegegeg55 was added to the array
2025-10-27 19:38:58 INFO  CustomArray - The item 6f66666 was added to the array
2025-10-27 19:38:58 INFO  CustomArray - The item 7g777geg777 was added to the array
2025-10-27 19:38:58 INFO  CustomArray - The item 8h8888888 was added to the array
2025-10-27 19:38:58 INFO  CustomArray - The item 9i99999eeeee999 was added to the array
2025-10-27 19:38:58 INFO  AvgLengthServiceImpl - Avg length: 10
2025-10-27 19:38:58 INFO  CustomArray - Array of capacity 1 was created
2025-10-27 19:38:58 INFO  CountOfElemServiceImpl - Count of elements(9)
2025-10-27 19:38:58 INFO  MinMaxServiceImpl - min = 3c3ge3
2025-10-27 19:38:58 INFO  MinMaxServiceImpl - max = 2baeaegaegaegaeg22
2025-10-27 19:38:58 INFO  SumServiceImpl - Sum length: 95
2025-10-27 19:38:58 INFO  ReplaceByConditionServiceImpl - Element 2 replaced with value 2
2025-10-27 19:38:58 INFO  ArrayReader - Reading array data from file: src/main/resources/input.txt
2025-10-27 19:38:58 INFO  CustomArray - Array of capacity 5 was created
2025-10-27 19:38:58 INFO  CustomArray - The item balamut was added to the array
2025-10-27 19:38:58 INFO  CustomArray - The item aiho was added to the array
2025-10-27 19:38:58 INFO  CustomArray - The item hihi was added to the array
2025-10-27 19:38:58 INFO  CustomArray - The item hello was added to the array
2025-10-27 19:38:58 INFO  CustomArray - The item mfcv was added to the array
2025-10-27 19:38:58 WARN  ArrayReader - Skipping invalid token: []
2025-10-27 19:38:58 WARN  ArrayReader - Skipping invalid token: [@-%$!@$@%%|}{":><?"?><:"{}|)(*&^%#@!]
2025-10-27 19:38:58 INFO  ArrayReader - Successfully loaded array from file with 5 valid elements
2025-10-27 19:39:31 INFO  CustomArray - Array of capacity 10 was created
2025-10-27 19:39:31 INFO  CustomArray - The item 1aegaegaa was added to the array
2025-10-27 19:39:31 INFO  CustomArray - The item 2baeaegaegaegaeg22 was added to the array
2025-10-27 19:39:31 INFO  CustomArray - The item 3c3ge3 was added to the array
2025-10-27 19:39:31 INFO  CustomArray - The item 4d44ae4 was added to the array
2025-10-27 19:39:31 INFO  CustomArray - The item 5e55gegegeg55 was added to the array
2025-10-27 19:39:31 INFO  CustomArray - The item 6f66666 was added to the array
2025-10-27 19:39:31 INFO  CustomArray - The item 7g777geg777 was added to the array
2025-10-27 19:39:31 INFO  CustomArray - The item 8h8888888 was added to the array
2025-10-27 19:39:31 INFO  CustomArray - The item 9i99999eeeee999 was added to the array
2025-10-27 19:39:31 INFO  AvgLengthServiceImpl - Avg length: 10
2025-10-27 19:39:31 INFO  CustomArray - Array of capacity 1 was created
2025-10-27 19:39:31 INFO  CountOfElemServiceImpl - Count of elements(9)
2025-10-27 19:39:31 INFO  MinMaxServiceImpl - min = 3c3ge3
2025-10-27 19:39:31 INFO  MinMaxServiceImpl - max = 2baeaegaegaegaeg22
2025-10-27 19:39:31 INFO  SumServiceImpl - Sum length: 95
2025-10-27 19:39:31 INFO  ReplaceByConditionServiceImpl - Element 2 replaced with value 2
2025-10-27 19:39:31 INFO  ArrayReader - Reading array data from file: src/main/resources/input.txt
2025-10-27 19:39:31 INFO  CustomArray - Array of capacity 5 was created
2025-10-27 19:39:31 INFO  CustomArray - The item balamut was added to the array
2025-10-27 19:39:31 INFO  CustomArray - The item aiho was added to the array
2025-10-27 19:39:31 INFO  CustomArray - The item hihi was added to the array
2025-10-27 19:39:31 INFO  CustomArray - The item hello was added to the array
2025-10-27 19:39:31 INFO  CustomArray - The item mfcv was added to the array
2025-10-27 19:39:31 WARN  ArrayReader - Skipping invalid token: []
2025-10-27 19:39:31 WARN  ArrayReader - Skipping invalid token: [@-%$!@$@%%|}{":><?"?><:"{}|)(*&^%#@!]
2025-10-27 19:39:31 INFO  ArrayReader - Successfully loaded array from file with 5 valid elements
