2025-10-24 22:29:01 INFO  CustomArray - Array of size 10 was created
2025-10-24 22:29:01 INFO  CustomArray - The item 1a was added to the array
2025-10-24 22:29:01 INFO  CustomArray - The item 2b was added to the array
2025-10-24 22:29:01 INFO  CustomArray - The item 3c was added to the array
2025-10-24 22:29:01 INFO  CustomArray - The item 4d was added to the array
2025-10-24 22:29:01 INFO  CustomArray - The item 5e was added to the array
2025-10-24 22:29:01 INFO  CustomArray - The item 6f was added to the array
2025-10-24 22:29:01 INFO  CustomArray - The item 7g was added to the array
2025-10-24 22:29:01 INFO  CustomArray - The item 8h was added to the array
2025-10-24 22:29:01 INFO  CustomArray - The item 9i was added to the array
2025-10-24 22:29:26 INFO  CustomArray - Array of size 10 was created
2025-10-24 22:29:26 INFO  CustomArray - The item 1a was added to the array
2025-10-24 22:29:26 INFO  CustomArray - The item 2b was added to the array
2025-10-24 22:29:26 INFO  CustomArray - The item 3c was added to the array
2025-10-24 22:29:26 INFO  CustomArray - The item 4d was added to the array
2025-10-24 22:29:26 INFO  CustomArray - The item 5e was added to the array
2025-10-24 22:29:26 INFO  CustomArray - The item 6f was added to the array
2025-10-24 22:29:26 INFO  CustomArray - The item 7g was added to the array
2025-10-24 22:29:26 INFO  CustomArray - The item 8h was added to the array
2025-10-24 22:29:26 INFO  CustomArray - The item 9i was added to the array
2025-10-25 01:40:57 INFO  CustomArray - Array of size 10 was created
2025-10-25 01:40:57 INFO  CustomArray - The item 1a was added to the array
2025-10-25 01:40:57 INFO  CustomArray - The item 2b was added to the array
2025-10-25 01:40:57 INFO  CustomArray - The item 3c was added to the array
2025-10-25 01:40:57 INFO  CustomArray - The item 4d was added to the array
2025-10-25 01:40:57 INFO  CustomArray - The item 5e was added to the array
2025-10-25 01:40:57 INFO  CustomArray - The item 6f was added to the array
2025-10-25 01:40:57 INFO  CustomArray - The item 7g was added to the array
2025-10-25 01:40:57 INFO  CustomArray - The item 8h was added to the array
2025-10-25 01:40:57 INFO  CustomArray - The item 9i was added to the array
2025-10-25 01:52:11 INFO  CustomArray - Array of size 10 was created
2025-10-25 01:52:11 INFO  CustomArray - The item 1a was added to the array
2025-10-25 01:52:11 INFO  CustomArray - The item 2b was added to the array
2025-10-25 01:52:11 INFO  CustomArray - The item 3c was added to the array
2025-10-25 01:52:11 INFO  CustomArray - The item 4d was added to the array
2025-10-25 01:52:11 INFO  CustomArray - The item 5e was added to the array
2025-10-25 01:52:11 INFO  CustomArray - The item 6f was added to the array
2025-10-25 01:52:11 INFO  CustomArray - The item 7g was added to the array
2025-10-25 01:52:11 INFO  CustomArray - The item 8h was added to the array
2025-10-25 01:52:11 INFO  CustomArray - The item 9i was added to the array
2025-10-25 01:52:11 ERROR ArrFactory - Array size must be greater than 0
2025-10-25 02:17:46 INFO  CustomArray - Array of size 10 was created
2025-10-25 02:17:46 INFO  CustomArray - The item 1a was added to the array
2025-10-25 02:17:46 INFO  CustomArray - The item 2b was added to the array
2025-10-25 02:17:46 INFO  CustomArray - The item 3c was added to the array
2025-10-25 02:17:46 INFO  CustomArray - The item 4d was added to the array
2025-10-25 02:17:46 INFO  CustomArray - The item 5e was added to the array
2025-10-25 02:17:46 INFO  CustomArray - The item 6f was added to the array
2025-10-25 02:17:46 INFO  CustomArray - The item 7g was added to the array
2025-10-25 02:17:46 INFO  CustomArray - The item 8h was added to the array
2025-10-25 02:17:46 INFO  CustomArray - The item 9i was added to the array
2025-10-25 02:17:46 ERROR CustomArrayValidatorImpl - Invalid array size -5
2025-10-25 02:27:31 INFO  CustomArray - Array of size 10 was created
2025-10-25 02:27:31 INFO  CustomArray - The item 1a was added to the array
2025-10-25 02:27:31 INFO  CustomArray - The item 2b was added to the array
2025-10-25 02:27:31 INFO  CustomArray - The item 3c was added to the array
2025-10-25 02:27:31 INFO  CustomArray - The item 4d was added to the array
2025-10-25 02:27:31 INFO  CustomArray - The item 5e was added to the array
2025-10-25 02:27:31 INFO  CustomArray - The item 6f was added to the array
2025-10-25 02:27:31 INFO  CustomArray - The item 7g was added to the array
2025-10-25 02:27:31 INFO  CustomArray - The item 8h was added to the array
2025-10-25 02:27:31 INFO  CustomArray - The item 9i was added to the array
2025-10-25 02:37:07 INFO  CustomArray - Array of size 10 was created
2025-10-25 02:37:07 INFO  CustomArray - The item 1a was added to the array
2025-10-25 02:37:07 INFO  CustomArray - The item 2b was added to the array
2025-10-25 02:37:07 INFO  CustomArray - The item 3c was added to the array
2025-10-25 02:37:07 INFO  CustomArray - The item 4d was added to the array
2025-10-25 02:37:07 INFO  CustomArray - The item 5e was added to the array
2025-10-25 02:37:07 INFO  CustomArray - The item 6f was added to the array
2025-10-25 02:37:07 INFO  CustomArray - The item 7g was added to the array
2025-10-25 02:37:07 INFO  CustomArray - The item 8h was added to the array
2025-10-25 02:37:07 INFO  CustomArray - The item 9i was added to the array
2025-10-25 02:37:19 INFO  CustomArray - Array of size 10 was created
2025-10-25 02:37:19 INFO  CustomArray - The item 1a was added to the array
2025-10-25 02:37:19 INFO  CustomArray - The item 2b was added to the array
2025-10-25 02:37:19 INFO  CustomArray - The item 3c was added to the array
2025-10-25 02:37:19 INFO  CustomArray - The item 4d was added to the array
2025-10-25 02:37:19 INFO  CustomArray - The item 5e was added to the array
2025-10-25 02:37:19 INFO  CustomArray - The item 6f was added to the array
2025-10-25 02:37:19 INFO  CustomArray - The item 7g was added to the array
2025-10-25 02:37:19 INFO  CustomArray - The item 8h was added to the array
2025-10-25 02:37:19 INFO  CustomArray - The item 9i was added to the array
2025-10-25 02:37:19 ERROR CustomArrayValidatorImpl - Invalid array size -5
2025-10-25 02:39:25 INFO  CustomArray - Array of size 10 was created
2025-10-25 02:39:25 INFO  CustomArray - The item 1a was added to the array
2025-10-25 02:39:25 INFO  CustomArray - The item 2b was added to the array
2025-10-25 02:39:25 INFO  CustomArray - The item 3c was added to the array
2025-10-25 02:39:25 INFO  CustomArray - The item 4d was added to the array
2025-10-25 02:39:25 INFO  CustomArray - The item 5e was added to the array
2025-10-25 02:39:25 INFO  CustomArray - The item 6f was added to the array
2025-10-25 02:39:25 INFO  CustomArray - The item 7g was added to the array
2025-10-25 02:39:25 INFO  CustomArray - The item 8h was added to the array
2025-10-25 02:39:25 INFO  CustomArray - The item 9i was added to the array
2025-10-25 02:40:25 INFO  CustomArray - Array of size 10 was created
2025-10-25 02:40:25 INFO  CustomArray - The item 1a was added to the array
2025-10-25 02:40:25 INFO  CustomArray - The item 2b was added to the array
2025-10-25 02:40:25 INFO  CustomArray - The item 3c was added to the array
2025-10-25 02:40:25 INFO  CustomArray - The item 4d was added to the array
2025-10-25 02:40:25 INFO  CustomArray - The item 5e was added to the array
2025-10-25 02:40:25 INFO  CustomArray - The item 6f was added to the array
2025-10-25 02:40:25 INFO  CustomArray - The item 7g was added to the array
2025-10-25 02:40:25 INFO  CustomArray - The item 8h was added to the array
2025-10-25 02:40:25 INFO  CustomArray - The item 9i was added to the array
2025-10-25 02:42:12 INFO  CustomArray - Array of size 10 was created
2025-10-25 02:42:12 INFO  CustomArray - The item 1a was added to the array
2025-10-25 02:42:12 INFO  CustomArray - The item 2b was added to the array
2025-10-25 02:42:12 INFO  CustomArray - The item 3c was added to the array
2025-10-25 02:42:12 INFO  CustomArray - The item 4d was added to the array
2025-10-25 02:42:12 INFO  CustomArray - The item 5e was added to the array
2025-10-25 02:42:12 INFO  CustomArray - The item 6f was added to the array
2025-10-25 02:42:12 INFO  CustomArray - The item 7g was added to the array
2025-10-25 02:42:12 INFO  CustomArray - The item 8h was added to the array
2025-10-25 02:42:12 INFO  CustomArray - The item 9i was added to the array
2025-10-25 02:43:53 INFO  CustomArray - Array of size 10 was created
2025-10-25 02:43:53 INFO  CustomArray - The item 1a was added to the array
2025-10-25 02:43:53 INFO  CustomArray - The item 2b was added to the array
2025-10-25 02:43:53 INFO  CustomArray - The item 3c was added to the array
2025-10-25 02:43:53 INFO  CustomArray - The item 4d was added to the array
2025-10-25 02:43:53 INFO  CustomArray - The item 5e was added to the array
2025-10-25 02:43:53 INFO  CustomArray - The item 6f was added to the array
2025-10-25 02:43:53 INFO  CustomArray - The item 7g was added to the array
2025-10-25 02:43:53 INFO  CustomArray - The item 8h was added to the array
2025-10-25 02:43:53 INFO  CustomArray - The item 9i was added to the array
2025-10-25 02:51:13 INFO  CustomArray - Array of size 10 was created
2025-10-25 02:51:13 INFO  CustomArray - The item 1a was added to the array
2025-10-25 02:51:13 INFO  CustomArray - The item 2b was added to the array
2025-10-25 02:51:13 INFO  CustomArray - The item 3c was added to the array
2025-10-25 02:51:13 INFO  CustomArray - The item 4d was added to the array
2025-10-25 02:51:13 INFO  CustomArray - The item 5e was added to the array
2025-10-25 02:51:13 INFO  CustomArray - The item 6f was added to the array
2025-10-25 02:51:13 INFO  CustomArray - The item 7g was added to the array
2025-10-25 02:51:13 INFO  CustomArray - The item 8h was added to the array
2025-10-25 02:51:13 INFO  CustomArray - The item 9i was added to the array
2025-10-25 02:52:49 INFO  CustomArray - Array of size 10 was created
2025-10-25 02:52:49 INFO  CustomArray - The item 1a was added to the array
2025-10-25 02:52:49 INFO  CustomArray - The item 2b was added to the array
2025-10-25 02:52:49 INFO  CustomArray - The item 3c was added to the array
2025-10-25 02:52:49 INFO  CustomArray - The item 4d was added to the array
2025-10-25 02:52:49 INFO  CustomArray - The item 5e was added to the array
2025-10-25 02:52:49 INFO  CustomArray - The item 6f was added to the array
2025-10-25 02:52:49 INFO  CustomArray - The item 7g was added to the array
2025-10-25 02:52:49 INFO  CustomArray - The item 8h was added to the array
2025-10-25 02:52:49 INFO  CustomArray - The item 9i was added to the array
2025-10-25 02:52:49 INFO  CustomArray - Array of size 1 was created
2025-10-25 02:57:14 INFO  CustomArray - Array of size 0 was created
2025-10-25 02:57:14 INFO  CustomArray - The item 1a was added to the array
2025-10-25 02:57:14 INFO  CustomArray - The item 2b was added to the array
2025-10-25 02:57:14 INFO  CustomArray - The item 3c was added to the array
2025-10-25 02:57:14 INFO  CustomArray - The item 4d was added to the array
2025-10-25 02:57:14 INFO  CustomArray - The item 5e was added to the array
2025-10-25 02:57:14 INFO  CustomArray - The item 6f was added to the array
2025-10-25 02:57:14 INFO  CustomArray - The item 7g was added to the array
2025-10-25 02:57:14 INFO  CustomArray - The item 8h was added to the array
2025-10-25 02:57:14 INFO  CustomArray - The item 9i was added to the array
2025-10-25 02:57:14 INFO  CustomArray - Array of size 0 was created
2025-10-25 02:58:29 INFO  CustomArray - Array of capacity 10 was created
2025-10-25 02:58:29 INFO  CustomArray - The item 1a was added to the array
2025-10-25 02:58:29 INFO  CustomArray - The item 2b was added to the array
2025-10-25 02:58:29 INFO  CustomArray - The item 3c was added to the array
2025-10-25 02:58:29 INFO  CustomArray - The item 4d was added to the array
2025-10-25 02:58:29 INFO  CustomArray - The item 5e was added to the array
2025-10-25 02:58:29 INFO  CustomArray - The item 6f was added to the array
2025-10-25 02:58:29 INFO  CustomArray - The item 7g was added to the array
2025-10-25 02:58:29 INFO  CustomArray - The item 8h was added to the array
2025-10-25 02:58:29 INFO  CustomArray - The item 9i was added to the array
2025-10-25 02:58:29 INFO  CustomArray - Array of capacity 1 was created
2025-10-25 03:02:05 INFO  CustomArray - Array of capacity 10 was created
2025-10-25 03:02:05 INFO  CustomArray - The item 1a was added to the array
2025-10-25 03:02:05 INFO  CustomArray - The item 2b was added to the array
2025-10-25 03:02:05 INFO  CustomArray - The item 3c was added to the array
2025-10-25 03:02:05 INFO  CustomArray - The item 4d was added to the array
2025-10-25 03:02:05 INFO  CustomArray - The item 5e was added to the array
2025-10-25 03:02:05 INFO  CustomArray - The item 6f was added to the array
2025-10-25 03:02:05 INFO  CustomArray - The item 7g was added to the array
2025-10-25 03:02:05 INFO  CustomArray - The item 8h was added to the array
2025-10-25 03:02:05 INFO  CustomArray - The item 9i was added to the array
2025-10-25 03:02:05 INFO  CustomArray - Array of capacity 1 was created
2025-10-25 03:11:34 INFO  CustomArray - Array of capacity 10 was created
2025-10-25 03:11:34 INFO  CustomArray - The item 1a was added to the array
2025-10-25 03:11:34 INFO  CustomArray - The item 2b was added to the array
2025-10-25 03:11:34 INFO  CustomArray - The item 3c was added to the array
2025-10-25 03:11:34 INFO  CustomArray - The item 4d was added to the array
2025-10-25 03:11:34 INFO  CustomArray - The item 5e was added to the array
2025-10-25 03:11:34 INFO  CustomArray - The item 6f was added to the array
2025-10-25 03:11:34 INFO  CustomArray - The item 7g was added to the array
2025-10-25 03:11:34 INFO  CustomArray - The item 8h was added to the array
2025-10-25 03:11:34 INFO  CustomArray - The item 9i was added to the array
2025-10-25 03:11:34 INFO  CustomArray - Array of capacity 1 was created
2025-10-25 03:11:34 INFO  CustomArray - The item 4d was added to the array
2025-10-25 03:11:34 ERROR CustomArray - Error occured while adding 5e to the array
2025-10-25 03:11:50 INFO  CustomArray - Array of capacity 10 was created
2025-10-25 03:11:50 INFO  CustomArray - The item 1a was added to the array
2025-10-25 03:11:50 INFO  CustomArray - The item 2b was added to the array
2025-10-25 03:11:50 INFO  CustomArray - The item 3c was added to the array
2025-10-25 03:11:50 INFO  CustomArray - The item 4d was added to the array
2025-10-25 03:11:50 INFO  CustomArray - The item 5e was added to the array
2025-10-25 03:11:50 INFO  CustomArray - The item 6f was added to the array
2025-10-25 03:11:50 INFO  CustomArray - The item 7g was added to the array
2025-10-25 03:11:50 INFO  CustomArray - The item 8h was added to the array
2025-10-25 03:11:50 INFO  CustomArray - The item 9i was added to the array
2025-10-25 03:11:50 INFO  CustomArray - Array of capacity 1 was created
2025-10-25 03:12:31 INFO  CustomArray - Array of capacity 10 was created
2025-10-25 03:12:31 INFO  CustomArray - The item 1a was added to the array
2025-10-25 03:12:31 INFO  CustomArray - The item 2b was added to the array
2025-10-25 03:12:31 INFO  CustomArray - The item 3c was added to the array
2025-10-25 03:12:31 INFO  CustomArray - The item 4d was added to the array
2025-10-25 03:12:31 INFO  CustomArray - The item 5e was added to the array
2025-10-25 03:12:31 INFO  CustomArray - The item 6f was added to the array
2025-10-25 03:12:31 INFO  CustomArray - The item 7g was added to the array
2025-10-25 03:12:31 INFO  CustomArray - The item 8h was added to the array
2025-10-25 03:12:31 INFO  CustomArray - The item 9i was added to the array
2025-10-25 03:12:31 INFO  CustomArray - Array of capacity 1 was created
2025-10-25 03:16:54 INFO  CustomArray - Array of capacity 10 was created
2025-10-25 03:16:54 INFO  CustomArray - The item 1a was added to the array
2025-10-25 03:16:54 INFO  CustomArray - The item 2b was added to the array
2025-10-25 03:16:54 INFO  CustomArray - The item 3c was added to the array
2025-10-25 03:16:54 INFO  CustomArray - The item 4d was added to the array
2025-10-25 03:16:54 INFO  CustomArray - The item 5e was added to the array
2025-10-25 03:16:54 INFO  CustomArray - The item 6f was added to the array
2025-10-25 03:16:54 INFO  CustomArray - The item 7g was added to the array
2025-10-25 03:16:54 INFO  CustomArray - The item 8h was added to the array
2025-10-25 03:16:54 INFO  CustomArray - The item 9i was added to the array
2025-10-25 03:16:54 INFO  CustomArray - Array of capacity 1 was created
2025-10-25 03:36:59 INFO  CustomArray - Array of capacity 10 was created
2025-10-25 03:36:59 INFO  CustomArray - The item 1a was added to the array
2025-10-25 03:36:59 INFO  CustomArray - The item 2b was added to the array
2025-10-25 03:36:59 INFO  CustomArray - The item 3c was added to the array
2025-10-25 03:36:59 INFO  CustomArray - The item 4d was added to the array
2025-10-25 03:36:59 INFO  CustomArray - The item 5e was added to the array
2025-10-25 03:36:59 INFO  CustomArray - The item 6f was added to the array
2025-10-25 03:36:59 INFO  CustomArray - The item 7g was added to the array
2025-10-25 03:36:59 INFO  CustomArray - The item 8h was added to the array
2025-10-25 03:36:59 INFO  CustomArray - The item 9i was added to the array
2025-10-25 03:36:59 INFO  AvgLengthServiceImpl - Avg length: 2
2025-10-25 03:36:59 INFO  CustomArray - Array of capacity 1 was created
2025-10-25 03:36:59 INFO  CountOfElemServiceImpl - Count of elements(9)
2025-10-25 03:37:48 INFO  CustomArray - Array of capacity 10 was created
2025-10-25 03:37:48 INFO  CustomArray - The item 1a was added to the array
2025-10-25 03:37:48 INFO  CustomArray - The item 2b2 was added to the array
2025-10-25 03:37:48 INFO  CustomArray - The item 3c33 was added to the array
2025-10-25 03:37:48 INFO  CustomArray - The item 4d444 was added to the array
2025-10-25 03:37:48 INFO  CustomArray - The item 5e5555 was added to the array
2025-10-25 03:37:48 INFO  CustomArray - The item 6f66666 was added to the array
2025-10-25 03:37:48 INFO  CustomArray - The item 7g777777 was added to the array
2025-10-25 03:37:48 INFO  CustomArray - The item 8h8888888 was added to the array
2025-10-25 03:37:48 INFO  CustomArray - The item 9i99999999 was added to the array
2025-10-25 03:37:48 INFO  AvgLengthServiceImpl - Avg length: 6
2025-10-25 03:37:48 INFO  CustomArray - Array of capacity 1 was created
2025-10-25 03:37:48 INFO  CountOfElemServiceImpl - Count of elements(9)
2025-10-25 03:43:51 INFO  CustomArray - Array of capacity 10 was created
2025-10-25 03:43:51 INFO  CustomArray - The item 1a was added to the array
2025-10-25 03:43:51 INFO  CustomArray - The item 2b2 was added to the array
2025-10-25 03:43:51 INFO  CustomArray - The item 3c33 was added to the array
2025-10-25 03:43:51 INFO  CustomArray - The item 4d444 was added to the array
2025-10-25 03:43:51 INFO  CustomArray - The item 5e5555 was added to the array
2025-10-25 03:43:51 INFO  CustomArray - The item 6f66666 was added to the array
2025-10-25 03:43:51 INFO  CustomArray - The item 7g777777 was added to the array
2025-10-25 03:43:51 INFO  CustomArray - The item 8h8888888 was added to the array
2025-10-25 03:43:51 INFO  CustomArray - The item 9i99999999 was added to the array
2025-10-25 03:43:51 INFO  AvgLengthServiceImpl - Avg length: 6
2025-10-25 03:43:51 INFO  CustomArray - Array of capacity 1 was created
2025-10-25 03:43:51 INFO  CountOfElemServiceImpl - Count of elements(9)
2025-10-25 03:43:51 INFO  MinMaxServiceImpl - min = 1a
2025-10-25 03:43:51 INFO  MinMaxServiceImpl - max = 9i99999999
2025-10-25 03:43:51 INFO  SumServiceImpl - Sum length: 54
2025-10-25 03:44:16 INFO  CustomArray - Array of capacity 10 was created
2025-10-25 03:44:16 INFO  CustomArray - The item 1a was added to the array
2025-10-25 03:44:16 INFO  CustomArray - The item 2b2 was added to the array
2025-10-25 03:44:16 INFO  CustomArray - The item 3c33 was added to the array
2025-10-25 03:44:16 INFO  CustomArray - The item 4d444 was added to the array
2025-10-25 03:44:16 INFO  CustomArray - The item 5e5555 was added to the array
2025-10-25 03:44:16 INFO  CustomArray - The item 6f66666 was added to the array
2025-10-25 03:44:16 INFO  CustomArray - The item 7g777777 was added to the array
2025-10-25 03:44:16 INFO  CustomArray - The item 8h8888888 was added to the array
2025-10-25 03:44:16 INFO  CustomArray - The item 9i99999999 was added to the array
2025-10-25 03:44:16 INFO  AvgLengthServiceImpl - Avg length: 6
2025-10-25 03:44:16 INFO  CustomArray - Array of capacity 1 was created
2025-10-25 03:44:16 INFO  CountOfElemServiceImpl - Count of elements(9)
2025-10-25 03:44:16 INFO  MinMaxServiceImpl - min = 1a
2025-10-25 03:44:16 INFO  MinMaxServiceImpl - max = 9i99999999
2025-10-25 03:44:16 INFO  SumServiceImpl - Sum length: 54
2025-10-25 04:06:58 INFO  CustomArray - Array of capacity 10 was created
2025-10-25 04:06:58 INFO  CustomArray - The item 1a was added to the array
2025-10-25 04:06:58 INFO  CustomArray - The item 2b2 was added to the array
2025-10-25 04:06:58 INFO  CustomArray - The item 3c33 was added to the array
2025-10-25 04:06:58 INFO  CustomArray - The item 4d444 was added to the array
2025-10-25 04:06:58 INFO  CustomArray - The item 5e5555 was added to the array
2025-10-25 04:06:58 INFO  CustomArray - The item 6f66666 was added to the array
2025-10-25 04:06:58 INFO  CustomArray - The item 7g777777 was added to the array
2025-10-25 04:06:58 INFO  CustomArray - The item 8h8888888 was added to the array
2025-10-25 04:06:58 INFO  CustomArray - The item 9i99999999 was added to the array
2025-10-25 04:06:58 INFO  AvgLengthServiceImpl - Avg length: 6
2025-10-25 04:06:58 INFO  CustomArray - Array of capacity 1 was created
2025-10-25 04:06:58 INFO  CountOfElemServiceImpl - Count of elements(9)
2025-10-25 04:06:58 INFO  MinMaxServiceImpl - min = 1a
2025-10-25 04:06:58 INFO  MinMaxServiceImpl - max = 9i99999999
2025-10-25 04:06:58 INFO  SumServiceImpl - Sum length: 54
2025-10-25 04:07:08 INFO  CustomArray - Array of capacity 10 was created
2025-10-25 04:07:08 INFO  CustomArray - The item 1a was added to the array
2025-10-25 04:07:08 INFO  CustomArray - The item 2b2 was added to the array
2025-10-25 04:07:08 INFO  CustomArray - The item 3c33 was added to the array
2025-10-25 04:07:08 INFO  CustomArray - The item 4d444 was added to the array
2025-10-25 04:07:08 INFO  CustomArray - The item 5e5555 was added to the array
2025-10-25 04:07:08 INFO  CustomArray - The item 6f66666 was added to the array
2025-10-25 04:07:08 INFO  CustomArray - The item 7g777777 was added to the array
2025-10-25 04:07:08 INFO  CustomArray - The item 8h8888888 was added to the array
2025-10-25 04:07:08 INFO  CustomArray - The item 9i99999999 was added to the array
2025-10-25 04:07:08 INFO  AvgLengthServiceImpl - Avg length: 6
2025-10-25 04:07:08 INFO  CustomArray - Array of capacity 1 was created
2025-10-25 04:07:08 INFO  CountOfElemServiceImpl - Count of elements(9)
2025-10-25 04:07:08 INFO  MinMaxServiceImpl - min = 1a
2025-10-25 04:07:08 INFO  MinMaxServiceImpl - max = 9i99999999
2025-10-25 04:07:08 INFO  SumServiceImpl - Sum length: 54
2025-10-27 18:29:34 INFO  CustomArray - Array of capacity 10 was created
2025-10-27 18:29:34 INFO  CustomArray - The item 1aegaegaa was added to the array
2025-10-27 18:29:34 INFO  CustomArray - The item 2baeaegaegaegaeg22 was added to the array
2025-10-27 18:29:34 INFO  CustomArray - The item 3c3ge3 was added to the array
2025-10-27 18:29:34 INFO  CustomArray - The item 4d44ae4 was added to the array
2025-10-27 18:29:34 INFO  CustomArray - The item 5e55gegegeg55 was added to the array
2025-10-27 18:29:34 INFO  CustomArray - The item 6f66666 was added to the array
2025-10-27 18:29:34 INFO  CustomArray - The item 7g777geg777 was added to the array
2025-10-27 18:29:34 INFO  CustomArray - The item 8h8888888 was added to the array
2025-10-27 18:29:34 INFO  CustomArray - The item 9i99999eeeee999 was added to the array
2025-10-27 18:29:34 INFO  AvgLengthServiceImpl - Avg length: 10
2025-10-27 18:29:34 INFO  CustomArray - Array of capacity 1 was created
2025-10-27 18:29:34 INFO  CountOfElemServiceImpl - Count of elements(9)
2025-10-27 18:29:34 INFO  MinMaxServiceImpl - min = 3c3ge3
2025-10-27 18:29:34 INFO  MinMaxServiceImpl - max = 2baeaegaegaegaeg22
2025-10-27 18:29:34 INFO  SumServiceImpl - Sum length: 95
2025-10-27 18:29:34 INFO  ReplaceByConditionServiceImpl - Element 2 replaced with value 2
2025-10-27 18:35:12 INFO  CustomArray - Array of capacity 10 was created
2025-10-27 18:35:12 INFO  CustomArray - The item 1aegaegaa was added to the array
2025-10-27 18:35:12 INFO  CustomArray - The item 2baeaegaegaegaeg22 was added to the array
2025-10-27 18:35:12 INFO  CustomArray - The item 3c3ge3 was added to the array
2025-10-27 18:35:12 INFO  CustomArray - The item 4d44ae4 was added to the array
2025-10-27 18:35:12 INFO  CustomArray - The item 5e55gegegeg55 was added to the array
2025-10-27 18:35:12 INFO  CustomArray - The item 6f66666 was added to the array
2025-10-27 18:35:12 INFO  CustomArray - The item 7g777geg777 was added to the array
2025-10-27 18:35:12 INFO  CustomArray - The item 8h8888888 was added to the array
2025-10-27 18:35:12 INFO  CustomArray - The item 9i99999eeeee999 was added to the array
2025-10-27 18:35:12 INFO  AvgLengthServiceImpl - Avg length: 10
2025-10-27 18:35:12 INFO  CustomArray - Array of capacity 1 was created
2025-10-27 18:35:12 INFO  CountOfElemServiceImpl - Count of elements(9)
2025-10-27 18:35:12 INFO  MinMaxServiceImpl - min = 3c3ge3
2025-10-27 18:35:12 INFO  MinMaxServiceImpl - max = 2baeaegaegaegaeg22
2025-10-27 18:35:12 INFO  SumServiceImpl - Sum length: 95
2025-10-27 18:35:12 INFO  ReplaceByConditionServiceImpl - Element 2 replaced with value 2
2025-10-27 18:49:23 INFO  CustomArray - Array of capacity 10 was created
2025-10-27 18:49:23 INFO  CustomArray - The item 1aegaegaa was added to the array
2025-10-27 18:49:23 INFO  CustomArray - The item 2baeaegaegaegaeg22 was added to the array
2025-10-27 18:49:23 INFO  CustomArray - The item 3c3ge3 was added to the array
2025-10-27 18:49:23 INFO  CustomArray - The item 4d44ae4 was added to the array
2025-10-27 18:49:23 INFO  CustomArray - The item 5e55gegegeg55 was added to the array
2025-10-27 18:49:23 INFO  CustomArray - The item 6f66666 was added to the array
2025-10-27 18:49:23 INFO  CustomArray - The item 7g777geg777 was added to the array
2025-10-27 18:49:23 INFO  CustomArray - The item 8h8888888 was added to the array
2025-10-27 18:49:23 INFO  CustomArray - The item 9i99999eeeee999 was added to the array
2025-10-27 18:49:23 INFO  AvgLengthServiceImpl - Avg length: 10
2025-10-27 18:49:23 INFO  CustomArray - Array of capacity 1 was created
2025-10-27 18:49:23 INFO  CountOfElemServiceImpl - Count of elements(9)
2025-10-27 18:49:23 INFO  MinMaxServiceImpl - min = 3c3ge3
2025-10-27 18:49:23 INFO  MinMaxServiceImpl - max = 2baeaegaegaegaeg22
2025-10-27 18:49:23 INFO  SumServiceImpl - Sum length: 95
2025-10-27 18:49:23 INFO  ReplaceByConditionServiceImpl - Element 2 replaced with value 2
2025-10-27 18:49:23 INFO  ArrayReader - Reading array data from file: resources/input.txt
2025-10-27 18:49:23 ERROR ArrayReader - Error reading from file: resources/input.txt
java.io.FileNotFoundException: resources\input.txt (Системе не удается найти указанный путь)
	at java.base/java.io.FileInputStream.open0(Native Method)
	at java.base/java.io.FileInputStream.open(FileInputStream.java:213)
	at java.base/java.io.FileInputStream.<init>(FileInputStream.java:152)
	at java.base/java.io.FileInputStream.<init>(FileInputStream.java:106)
	at java.base/java.io.FileReader.<init>(FileReader.java:60)
	at com.inkspac3.course.reader.CustomArrayReader.readFromFile(ArrayReader.java:27)
	at com.inkspac3.course.Main.main(Main.java:58)
2025-10-27 18:56:22 INFO  CustomArray - Array of capacity 10 was created
2025-10-27 18:56:22 INFO  CustomArray - The item 1aegaegaa was added to the array
2025-10-27 18:56:22 INFO  CustomArray - The item 2baeaegaegaegaeg22 was added to the array
2025-10-27 18:56:22 INFO  CustomArray - The item 3c3ge3 was added to the array
2025-10-27 18:56:22 INFO  CustomArray - The item 4d44ae4 was added to the array
2025-10-27 18:56:22 INFO  CustomArray - The item 5e55gegegeg55 was added to the array
2025-10-27 18:56:22 INFO  CustomArray - The item 6f66666 was added to the array
2025-10-27 18:56:22 INFO  CustomArray - The item 7g777geg777 was added to the array
2025-10-27 18:56:22 INFO  CustomArray - The item 8h8888888 was added to the array
2025-10-27 18:56:22 INFO  CustomArray - The item 9i99999eeeee999 was added to the array
2025-10-27 18:56:22 INFO  AvgLengthServiceImpl - Avg length: 10
2025-10-27 18:56:22 INFO  CustomArray - Array of capacity 1 was created
2025-10-27 18:56:22 INFO  CountOfElemServiceImpl - Count of elements(9)
2025-10-27 18:56:22 INFO  MinMaxServiceImpl - min = 3c3ge3
2025-10-27 18:56:22 INFO  MinMaxServiceImpl - max = 2baeaegaegaegaeg22
2025-10-27 18:56:22 INFO  SumServiceImpl - Sum length: 95
2025-10-27 18:56:22 INFO  ReplaceByConditionServiceImpl - Element 2 replaced with value 2
2025-10-27 18:56:22 INFO  ArrayReader - Reading array data from file: java/resources/input.txt
2025-10-27 18:56:22 ERROR ArrayReader - Error reading from file: java/resources/input.txt
java.io.FileNotFoundException: java\resources\input.txt (Системе не удается найти указанный путь)
	at java.base/java.io.FileInputStream.open0(Native Method)
	at java.base/java.io.FileInputStream.open(FileInputStream.java:213)
	at java.base/java.io.FileInputStream.<init>(FileInputStream.java:152)
	at java.base/java.io.FileInputStream.<init>(FileInputStream.java:106)
	at java.base/java.io.FileReader.<init>(FileReader.java:60)
	at com.inkspac3.course.reader.CustomArrayReader.readFromFile(ArrayReader.java:27)
	at com.inkspac3.course.Main.main(Main.java:58)
2025-10-27 18:56:45 INFO  CustomArray - Array of capacity 10 was created
2025-10-27 18:56:45 INFO  CustomArray - The item 1aegaegaa was added to the array
2025-10-27 18:56:45 INFO  CustomArray - The item 2baeaegaegaegaeg22 was added to the array
2025-10-27 18:56:45 INFO  CustomArray - The item 3c3ge3 was added to the array
2025-10-27 18:56:45 INFO  CustomArray - The item 4d44ae4 was added to the array
2025-10-27 18:56:45 INFO  CustomArray - The item 5e55gegegeg55 was added to the array
2025-10-27 18:56:45 INFO  CustomArray - The item 6f66666 was added to the array
2025-10-27 18:56:45 INFO  CustomArray - The item 7g777geg777 was added to the array
2025-10-27 18:56:45 INFO  CustomArray - The item 8h8888888 was added to the array
2025-10-27 18:56:45 INFO  CustomArray - The item 9i99999eeeee999 was added to the array
2025-10-27 18:56:45 INFO  AvgLengthServiceImpl - Avg length: 10
2025-10-27 18:56:45 INFO  CustomArray - Array of capacity 1 was created
2025-10-27 18:56:45 INFO  CountOfElemServiceImpl - Count of elements(9)
2025-10-27 18:56:45 INFO  MinMaxServiceImpl - min = 3c3ge3
2025-10-27 18:56:45 INFO  MinMaxServiceImpl - max = 2baeaegaegaegaeg22
2025-10-27 18:56:45 INFO  SumServiceImpl - Sum length: 95
2025-10-27 18:56:45 INFO  ReplaceByConditionServiceImpl - Element 2 replaced with value 2
2025-10-27 18:56:45 INFO  ArrayReader - Reading array data from file: main/resources/input.txt
2025-10-27 18:56:45 ERROR ArrayReader - Error reading from file: main/resources/input.txt
java.io.FileNotFoundException: main\resources\input.txt (Системе не удается найти указанный путь)
	at java.base/java.io.FileInputStream.open0(Native Method)
	at java.base/java.io.FileInputStream.open(FileInputStream.java:213)
	at java.base/java.io.FileInputStream.<init>(FileInputStream.java:152)
	at java.base/java.io.FileInputStream.<init>(FileInputStream.java:106)
	at java.base/java.io.FileReader.<init>(FileReader.java:60)
	at com.inkspac3.course.reader.CustomArrayReader.readFromFile(ArrayReader.java:27)
	at com.inkspac3.course.Main.main(Main.java:58)
2025-10-27 18:57:03 INFO  CustomArray - Array of capacity 10 was created
2025-10-27 18:57:03 INFO  CustomArray - The item 1aegaegaa was added to the array
2025-10-27 18:57:03 INFO  CustomArray - The item 2baeaegaegaegaeg22 was added to the array
2025-10-27 18:57:03 INFO  CustomArray - The item 3c3ge3 was added to the array
2025-10-27 18:57:03 INFO  CustomArray - The item 4d44ae4 was added to the array
2025-10-27 18:57:03 INFO  CustomArray - The item 5e55gegegeg55 was added to the array
2025-10-27 18:57:03 INFO  CustomArray - The item 6f66666 was added to the array
2025-10-27 18:57:03 INFO  CustomArray - The item 7g777geg777 was added to the array
2025-10-27 18:57:03 INFO  CustomArray - The item 8h8888888 was added to the array
2025-10-27 18:57:03 INFO  CustomArray - The item 9i99999eeeee999 was added to the array
2025-10-27 18:57:03 INFO  AvgLengthServiceImpl - Avg length: 10
2025-10-27 18:57:03 INFO  CustomArray - Array of capacity 1 was created
2025-10-27 18:57:03 INFO  CountOfElemServiceImpl - Count of elements(9)
2025-10-27 18:57:03 INFO  MinMaxServiceImpl - min = 3c3ge3
2025-10-27 18:57:03 INFO  MinMaxServiceImpl - max = 2baeaegaegaegaeg22
2025-10-27 18:57:03 INFO  SumServiceImpl - Sum length: 95
2025-10-27 18:57:03 INFO  ReplaceByConditionServiceImpl - Element 2 replaced with value 2
2025-10-27 18:57:03 INFO  ArrayReader - Reading array data from file: src/main/resources/input.txt
2025-10-27 18:57:03 INFO  CustomArray - Array of capacity 1 was created
2025-10-27 18:57:03 INFO  CustomArray - The item balamut aiho hihi hello mfcv was added to the array
2025-10-27 18:57:03 WARN  ArrayReader - Skipping invalid string: []
2025-10-27 18:57:03 WARN  ArrayReader - Skipping invalid string: [@-%$!@$@%%|}{":><?"?><:"{}|)(*&^%#@!]
2025-10-27 18:57:03 INFO  ArrayReader - Successfully loaded array from file with 1 valid elements
2025-10-27 19:02:01 INFO  CustomArray - Array of capacity 10 was created
2025-10-27 19:02:01 INFO  CustomArray - The item 1aegaegaa was added to the array
2025-10-27 19:02:01 INFO  CustomArray - The item 2baeaegaegaegaeg22 was added to the array
2025-10-27 19:02:01 INFO  CustomArray - The item 3c3ge3 was added to the array
2025-10-27 19:02:01 INFO  CustomArray - The item 4d44ae4 was added to the array
2025-10-27 19:02:01 INFO  CustomArray - The item 5e55gegegeg55 was added to the array
2025-10-27 19:02:01 INFO  CustomArray - The item 6f66666 was added to the array
2025-10-27 19:02:01 INFO  CustomArray - The item 7g777geg777 was added to the array
2025-10-27 19:02:01 INFO  CustomArray - The item 8h8888888 was added to the array
2025-10-27 19:02:01 INFO  CustomArray - The item 9i99999eeeee999 was added to the array
2025-10-27 19:02:01 INFO  AvgLengthServiceImpl - Avg length: 10
2025-10-27 19:02:01 INFO  CustomArray - Array of capacity 1 was created
2025-10-27 19:02:01 INFO  CountOfElemServiceImpl - Count of elements(9)
2025-10-27 19:02:01 INFO  MinMaxServiceImpl - min = 3c3ge3
2025-10-27 19:02:01 INFO  MinMaxServiceImpl - max = 2baeaegaegaegaeg22
2025-10-27 19:02:01 INFO  SumServiceImpl - Sum length: 95
2025-10-27 19:02:01 INFO  ReplaceByConditionServiceImpl - Element 2 replaced with value 2
2025-10-27 19:02:01 INFO  ArrayReader - Reading array data from file: src/main/resources/input.txt
2025-10-27 19:02:01 INFO  CustomArray - Array of capacity 5 was created
2025-10-27 19:02:01 INFO  CustomArray - The item balamut was added to the array
2025-10-27 19:02:01 INFO  CustomArray - The item aiho was added to the array
2025-10-27 19:02:01 INFO  CustomArray - The item hihi was added to the array
2025-10-27 19:02:01 INFO  CustomArray - The item hello was added to the array
2025-10-27 19:02:01 INFO  CustomArray - The item mfcv was added to the array
2025-10-27 19:02:01 WARN  ArrayReader - Skipping invalid token: []
2025-10-27 19:02:01 WARN  ArrayReader - Skipping invalid token: [@-%$!@$@%%|}{":><?"?><:"{}|)(*&^%#@!]
2025-10-27 19:02:01 INFO  ArrayReader - Successfully loaded array from file with 5 valid elements
2025-10-27 19:38:58 INFO  CustomArray - Array of capacity 10 was created
2025-10-27 19:38:58 INFO  CustomArray - The item 1aegaegaa was added to the array
2025-10-27 19:38:58 INFO  CustomArray - The item 2baeaegaegaegaeg22 was added to the array
2025-10-27 19:38:58 INFO  CustomArray - The item 3c3ge3 was added to the array
2025-10-27 19:38:58 INFO  CustomArray - The item 4d44ae4 was added to the array
2025-10-27 19:38:58 INFO  CustomArray - The item 5e55gegegeg55 was added to the array
2025-10-27 19:38:58 INFO  CustomArray - The item 6f66666 was added to the array
2025-10-27 19:38:58 INFO  CustomArray - The item 7g777geg777 was added to the array
2025-10-27 19:38:58 INFO  CustomArray - The item 8h8888888 was added to the array
2025-10-27 19:38:58 INFO  CustomArray - The item 9i99999eeeee999 was added to the array
2025-10-27 19:38:58 INFO  AvgLengthServiceImpl - Avg length: 10
2025-10-27 19:38:58 INFO  CustomArray - Array of capacity 1 was created
2025-10-27 19:38:58 INFO  CountOfElemServiceImpl - Count of elements(9)
2025-10-27 19:38:58 INFO  MinMaxServiceImpl - min = 3c3ge3
2025-10-27 19:38:58 INFO  MinMaxServiceImpl - max = 2baeaegaegaegaeg22
2025-10-27 19:38:58 INFO  SumServiceImpl - Sum length: 95
2025-10-27 19:38:58 INFO  ReplaceByConditionServiceImpl - Element 2 replaced with value 2
2025-10-27 19:38:58 INFO  ArrayReader - Reading array data from file: src/main/resources/input.txt
2025-10-27 19:38:58 INFO  CustomArray - Array of capacity 5 was created
2025-10-27 19:38:58 INFO  CustomArray - The item balamut was added to the array
2025-10-27 19:38:58 INFO  CustomArray - The item aiho was added to the array
2025-10-27 19:38:58 INFO  CustomArray - The item hihi was added to the array
2025-10-27 19:38:58 INFO  CustomArray - The item hello was added to the array
2025-10-27 19:38:58 INFO  CustomArray - The item mfcv was added to the array
2025-10-27 19:38:58 WARN  ArrayReader - Skipping invalid token: []
2025-10-27 19:38:58 WARN  ArrayReader - Skipping invalid token: [@-%$!@$@%%|}{":><?"?><:"{}|)(*&^%#@!]
2025-10-27 19:38:58 INFO  ArrayReader - Successfully loaded array from file with 5 valid elements
2025-10-27 19:39:31 INFO  CustomArray - Array of capacity 10 was created
2025-10-27 19:39:31 INFO  CustomArray - The item 1aegaegaa was added to the array
2025-10-27 19:39:31 INFO  CustomArray - The item 2baeaegaegaegaeg22 was added to the array
2025-10-27 19:39:31 INFO  CustomArray - The item 3c3ge3 was added to the array
2025-10-27 19:39:31 INFO  CustomArray - The item 4d44ae4 was added to the array
2025-10-27 19:39:31 INFO  CustomArray - The item 5e55gegegeg55 was added to the array
2025-10-27 19:39:31 INFO  CustomArray - The item 6f66666 was added to the array
2025-10-27 19:39:31 INFO  CustomArray - The item 7g777geg777 was added to the array
2025-10-27 19:39:31 INFO  CustomArray - The item 8h8888888 was added to the array
2025-10-27 19:39:31 INFO  CustomArray - The item 9i99999eeeee999 was added to the array
2025-10-27 19:39:31 INFO  AvgLengthServiceImpl - Avg length: 10
2025-10-27 19:39:31 INFO  CustomArray - Array of capacity 1 was created
2025-10-27 19:39:31 INFO  CountOfElemServiceImpl - Count of elements(9)
2025-10-27 19:39:31 INFO  MinMaxServiceImpl - min = 3c3ge3
2025-10-27 19:39:31 INFO  MinMaxServiceImpl - max = 2baeaegaegaegaeg22
2025-10-27 19:39:31 INFO  SumServiceImpl - Sum length: 95
2025-10-27 19:39:31 INFO  ReplaceByConditionServiceImpl - Element 2 replaced with value 2
2025-10-27 19:39:31 INFO  ArrayReader - Reading array data from file: src/main/resources/input.txt
2025-10-27 19:39:31 INFO  CustomArray - Array of capacity 5 was created
2025-10-27 19:39:31 INFO  CustomArray - The item balamut was added to the array
2025-10-27 19:39:31 INFO  CustomArray - The item aiho was added to the array
2025-10-27 19:39:31 INFO  CustomArray - The item hihi was added to the array
2025-10-27 19:39:31 INFO  CustomArray - The item hello was added to the array
2025-10-27 19:39:31 INFO  CustomArray - The item mfcv was added to the array
2025-10-27 19:39:31 WARN  ArrayReader - Skipping invalid token: []
2025-10-27 19:39:31 WARN  ArrayReader - Skipping invalid token: [@-%$!@$@%%|}{":><?"?><:"{}|)(*&^%#@!]
2025-10-27 19:39:31 INFO  ArrayReader - Successfully loaded array from file with 5 valid elements
2025-10-28 18:05:07 INFO  CustomArray - Array of capacity 10 was created
2025-10-28 18:05:07 INFO  ArrayReader - Reading file: input.txt
2025-10-28 18:06:27 INFO  CustomArray - Array of capacity 10 was created
2025-10-28 18:06:27 INFO  ArrayReader - Reading file: java/resources/input.txt
2025-10-28 18:06:39 INFO  CustomArray - Array of capacity 10 was created
2025-10-28 18:06:39 INFO  ArrayReader - Reading file: main/resources/input.txt
2025-10-28 18:10:15 INFO  ArrayReader - Reading file: src/main/resources/input.txt
2025-10-28 18:10:15 INFO  ArrayReader - Read 3 lines from file
2025-10-28 18:10:15 WARN  ArrayParser - Skipping invalid token: []
2025-10-28 18:10:15 WARN  ArrayParser - Skipping invalid token: [@-%$!@$@%%|}{":><?"?><:"{}|)(*&^%#@!]
2025-10-28 18:10:15 INFO  CustomArray - Array of capacity 5 was created
2025-10-28 18:10:15 INFO  CustomArray - The item balamut was added to the array
2025-10-28 18:10:15 INFO  CustomArray - The item aiho was added to the array
2025-10-28 18:10:15 INFO  CustomArray - The item hihi was added to the array
2025-10-28 18:10:15 INFO  CustomArray - The item hello was added to the array
2025-10-28 18:10:15 INFO  CustomArray - The item mfcv was added to the array
2025-10-28 18:10:15 INFO  ArrayParser - Successfully parsed array with 5 valid elements
2025-10-28 20:22:55 INFO  CustomArray - Array of capacity 3 was created
2025-10-28 20:22:55 INFO  CustomArray - The item table was added to the array
2025-10-28 20:22:55 ERROR CustomArrayValidatorImpl - Invalid index -1
2025-10-28 20:22:55 ERROR CustomArrayValidatorImpl - Invalid index 2
2025-10-28 20:23:17 INFO  CustomArray - Array of capacity 3 was created
2025-10-28 20:23:17 INFO  CustomArray - The item table was added to the array
2025-10-28 20:23:17 ERROR CustomArrayValidatorImpl - Invalid index -1
2025-10-28 20:23:17 ERROR CustomArrayValidatorImpl - Invalid index 4
2025-10-28 20:23:49 INFO  CustomArray - Array of capacity 3 was created
2025-10-28 20:23:49 INFO  CustomArray - The item table was added to the array
2025-10-28 20:23:49 ERROR CustomArrayValidatorImpl - Invalid index -1
2025-10-28 20:23:49 ERROR CustomArrayValidatorImpl - Invalid index 2
2025-10-28 20:36:32 INFO  CustomArray - Array of capacity 3 was created
2025-10-28 20:36:32 INFO  CustomArray - The item table was added to the array
2025-10-28 20:36:32 ERROR CustomArrayValidatorImpl - Invalid index!
2025-10-28 20:36:32 ERROR CustomArrayValidatorImpl - Invalid index!
2025-10-28 20:41:22 INFO  CustomArray - Array of capacity 2 was created
2025-10-28 20:41:22 INFO  CustomArray - The item book was added to the array
2025-10-28 20:41:22 INFO  CustomArray - The item tail was added to the array
2025-10-28 20:41:22 ERROR CustomArray - Error occured while adding ice to the array
2025-10-28 20:41:30 INFO  CustomArray - Array of capacity 2 was created
2025-10-28 20:41:30 INFO  CustomArray - The item book was added to the array
2025-10-28 20:41:30 INFO  CustomArray - The item tail was added to the array
2025-10-28 20:41:30 ERROR CustomArray - Error occured while adding ice to the array
2025-10-28 20:41:30 INFO  CustomArray - Array of capacity 2 was created
2025-10-28 20:41:30 INFO  CustomArray - The item table was added to the array
2025-10-28 20:41:30 ERROR CustomArrayValidatorImpl - Invalid index -1
2025-10-28 20:41:30 ERROR CustomArrayValidatorImpl - Invalid index 2
2025-10-30 17:18:00 INFO  CustomArray - Array of capacity 2 was created
2025-10-30 17:18:00 INFO  CustomArray - The item table was added to the array
2025-10-30 17:18:00 ERROR CustomArrayValidatorImpl - Invalid index 2
2025-10-30 17:18:00 INFO  CustomArray - Array of capacity 2 was created
2025-10-30 17:18:00 INFO  CustomArray - The item book was added to the array
2025-10-30 17:18:00 INFO  CustomArray - The item tail was added to the array
2025-10-30 17:18:00 ERROR CustomArray - Error occured while adding ice to the array
2025-10-30 17:26:00 INFO  CustomArray - Array of capacity 2 was created
2025-10-30 17:26:00 INFO  CustomArray - The item table was added to the array
2025-10-30 17:26:00 ERROR CustomArrayValidatorImpl - Invalid index 2
2025-10-30 17:26:00 INFO  CustomArray - Array of capacity 2 was created
2025-10-30 17:26:00 INFO  CustomArray - The item book was added to the array
2025-10-30 17:26:00 INFO  CustomArray - The item tail was added to the array
2025-10-30 17:26:00 ERROR CustomArray - Error occured while adding ice to the array
2025-10-30 17:32:38 INFO  CustomArray - Array of capacity 2 was created
2025-10-30 17:32:38 INFO  CustomArray - The item table was added to the array
2025-10-30 17:32:38 ERROR CustomArrayValidatorImpl - Invalid index 2
2025-10-30 17:32:38 INFO  CustomArray - Array of capacity 2 was created
2025-10-30 17:32:38 INFO  CustomArray - The item book was added to the array
2025-10-30 17:32:38 INFO  CustomArray - The item tail was added to the array
2025-10-30 17:32:38 ERROR CustomArray - Error occured while adding ice to the array
2025-10-30 17:34:13 INFO  CustomArray - Array of capacity 10 was created
2025-10-30 17:34:13 INFO  CustomArray - Array of capacity 10 was created
2025-10-30 17:34:13 INFO  CustomArray - Array of capacity 10 was created
2025-10-30 17:34:13 INFO  CustomArray - Array of capacity 10 was created
2025-10-30 17:34:13 INFO  CustomArray - The item 123 was added to the array
2025-10-30 17:34:13 INFO  CustomArray - The item 456 was added to the array
2025-10-30 17:34:13 INFO  AvgLengthServiceImpl - Avg length: 3
2025-10-30 17:34:13 INFO  CustomArray - Array of capacity 10 was created
2025-10-30 17:34:13 INFO  CustomArray - Array of capacity 10 was created
2025-10-30 17:34:13 INFO  CustomArray - Array of capacity 10 was created
2025-10-30 17:34:13 INFO  CustomArray - Array of capacity 10 was created
2025-10-30 17:34:13 INFO  CustomArray - Array of capacity 10 was created
2025-10-30 17:35:01 INFO  CustomArray - Array of capacity 10 was created
2025-10-30 17:35:01 INFO  CustomArray - Array of capacity 10 was created
2025-10-30 17:35:01 INFO  CustomArray - Array of capacity 10 was created
2025-10-30 17:35:01 INFO  CustomArray - Array of capacity 10 was created
2025-10-30 17:35:01 INFO  CustomArray - The item 123 was added to the array
2025-10-30 17:35:01 INFO  CustomArray - The item 456 was added to the array
2025-10-30 17:35:01 INFO  AvgLengthServiceImpl - Avg length: 3
2025-10-30 17:35:01 INFO  CustomArray - Array of capacity 10 was created
2025-10-30 17:35:01 INFO  CustomArray - Array of capacity 10 was created
2025-10-30 17:35:01 INFO  CustomArray - Array of capacity 10 was created
2025-10-30 17:35:01 INFO  CustomArray - Array of capacity 10 was created
2025-10-30 17:35:01 INFO  CustomArray - Array of capacity 10 was created
2025-10-30 17:35:53 INFO  CustomArray - Array of capacity 10 was created
2025-10-30 17:35:53 INFO  CustomArray - Array of capacity 10 was created
2025-10-30 17:35:53 INFO  CustomArray - Array of capacity 10 was created
2025-10-30 17:35:53 INFO  CustomArray - Array of capacity 10 was created
2025-10-30 17:35:53 INFO  CustomArray - The item 123 was added to the array
2025-10-30 17:35:53 INFO  CustomArray - The item 45678 was added to the array
2025-10-30 17:35:53 INFO  AvgLengthServiceImpl - Avg length: 4
2025-10-30 17:35:53 INFO  CustomArray - Array of capacity 10 was created
2025-10-30 17:35:53 INFO  CustomArray - Array of capacity 10 was created
2025-10-30 17:35:53 INFO  CustomArray - Array of capacity 10 was created
2025-10-30 17:35:53 INFO  CustomArray - Array of capacity 10 was created
2025-10-30 17:35:53 INFO  CustomArray - Array of capacity 10 was created
2025-10-30 17:38:49 INFO  CustomArray - Array of capacity 10 was created
2025-10-30 17:38:49 INFO  CustomArray - The item 123 was added to the array
2025-10-30 17:38:49 INFO  CustomArray - The item 45678 was added to the array
2025-10-30 17:38:49 INFO  CountOfElemServiceImpl - Count of elements(2)
2025-10-30 17:38:50 INFO  CustomArray - Array of capacity 10 was created
2025-10-30 17:38:50 INFO  CustomArray - Array of capacity 10 was created
2025-10-30 17:38:50 INFO  CustomArray - Array of capacity 10 was created
2025-10-30 17:38:50 INFO  CustomArray - The item 123 was added to the array
2025-10-30 17:38:50 INFO  CustomArray - The item 45678 was added to the array
2025-10-30 17:38:50 INFO  AvgLengthServiceImpl - Avg length: 4
2025-10-30 17:38:50 INFO  CustomArray - Array of capacity 10 was created
2025-10-30 17:38:50 INFO  CustomArray - Array of capacity 10 was created
2025-10-30 17:38:50 INFO  CustomArray - Array of capacity 10 was created
2025-10-30 17:38:50 INFO  CustomArray - Array of capacity 10 was created
2025-10-30 17:38:50 INFO  CustomArray - Array of capacity 10 was created
2025-10-31 01:58:35 INFO  CustomArray - Array of capacity 10 was created
2025-10-31 01:58:35 INFO  CustomArray - The item 123 was added to the array
2025-10-31 01:58:35 INFO  CustomArray - The item 45678 was added to the array
2025-10-31 01:58:35 INFO  CountOfElemServiceImpl - Count of elements(2)
2025-10-31 01:58:35 INFO  CustomArray - Array of capacity 10 was created
2025-10-31 01:58:35 INFO  CustomArray - Array of capacity 10 was created
2025-10-31 01:58:35 INFO  CustomArray - Array of capacity 10 was created
2025-10-31 01:58:35 INFO  CustomArray - The item 123 was added to the array
2025-10-31 01:58:35 INFO  CustomArray - The item 45678 was added to the array
2025-10-31 01:58:35 INFO  AvgLengthServiceImpl - Avg length: 4
2025-10-31 01:58:35 INFO  CustomArray - Array of capacity 10 was created
2025-10-31 01:58:35 INFO  CustomArray - Array of capacity 10 was created
2025-10-31 01:58:35 INFO  CustomArray - Array of capacity 10 was created
2025-10-31 01:58:35 INFO  CustomArray - Array of capacity 10 was created
2025-10-31 01:58:35 INFO  CustomArray - Array of capacity 10 was created
2025-10-31 01:58:35 INFO  CustomArray - The item 12 was added to the array
2025-10-31 01:58:35 INFO  CustomArray - The item 123 was added to the array
2025-10-31 01:58:35 INFO  MinMaxServiceImpl - min = 12
2025-10-31 01:59:05 INFO  CustomArray - Array of capacity 10 was created
2025-10-31 01:59:05 INFO  CustomArray - The item 123 was added to the array
2025-10-31 01:59:05 INFO  CustomArray - The item 45678 was added to the array
2025-10-31 01:59:05 INFO  CountOfElemServiceImpl - Count of elements(2)
2025-10-31 01:59:05 INFO  CustomArray - Array of capacity 10 was created
2025-10-31 01:59:05 INFO  CustomArray - Array of capacity 10 was created
2025-10-31 01:59:05 INFO  CustomArray - Array of capacity 10 was created
2025-10-31 01:59:05 INFO  CustomArray - The item 123 was added to the array
2025-10-31 01:59:05 INFO  CustomArray - The item 45678 was added to the array
2025-10-31 01:59:05 INFO  AvgLengthServiceImpl - Avg length: 4
2025-10-31 01:59:05 INFO  CustomArray - Array of capacity 10 was created
2025-10-31 01:59:05 INFO  CustomArray - Array of capacity 10 was created
2025-10-31 01:59:05 INFO  CustomArray - Array of capacity 10 was created
2025-10-31 01:59:05 INFO  CustomArray - Array of capacity 10 was created
2025-10-31 01:59:05 INFO  CustomArray - The item 12 was added to the array
2025-10-31 01:59:05 INFO  CustomArray - The item 123 was added to the array
2025-10-31 01:59:05 INFO  MinMaxServiceImpl - max = 123
2025-10-31 01:59:05 INFO  CustomArray - Array of capacity 10 was created
2025-10-31 01:59:05 INFO  CustomArray - The item 12 was added to the array
2025-10-31 01:59:05 INFO  CustomArray - The item 123 was added to the array
2025-10-31 01:59:05 INFO  MinMaxServiceImpl - min = 12
2025-10-31 02:05:02 INFO  CustomArray - Array of capacity 10 was created
2025-10-31 02:05:02 INFO  CustomArray - The item 123 was added to the array
2025-10-31 02:05:02 INFO  CustomArray - The item 45678 was added to the array
2025-10-31 02:05:02 INFO  CountOfElemServiceImpl - Count of elements(2)
2025-10-31 02:05:02 INFO  CustomArray - Array of capacity 10 was created
2025-10-31 02:05:02 INFO  CustomArray - Array of capacity 10 was created
2025-10-31 02:05:02 INFO  CustomArray - The item 123 was added to the array
2025-10-31 02:05:02 INFO  ReplaceByConditionServiceImpl - Element 1 replaced with value 4
2025-10-31 02:05:02 INFO  CustomArray - Array of capacity 10 was created
2025-10-31 02:05:02 INFO  CustomArray - The item 123 was added to the array
2025-10-31 02:05:02 INFO  CustomArray - The item 45678 was added to the array
2025-10-31 02:05:02 INFO  AvgLengthServiceImpl - Avg length: 4
2025-10-31 02:05:02 INFO  CustomArray - Array of capacity 10 was created
2025-10-31 02:05:02 INFO  CustomArray - Array of capacity 10 was created
2025-10-31 02:05:02 INFO  CustomArray - Array of capacity 10 was created
2025-10-31 02:05:02 INFO  CustomArray - Array of capacity 10 was created
2025-10-31 02:05:02 INFO  CustomArray - The item 12 was added to the array
2025-10-31 02:05:02 INFO  CustomArray - The item 123 was added to the array
2025-10-31 02:05:02 INFO  MinMaxServiceImpl - max = 123
2025-10-31 02:05:02 INFO  CustomArray - Array of capacity 10 was created
2025-10-31 02:05:02 INFO  CustomArray - The item 12 was added to the array
2025-10-31 02:05:02 INFO  CustomArray - The item 123 was added to the array
2025-10-31 02:05:02 INFO  MinMaxServiceImpl - min = 12
2025-10-31 02:05:53 INFO  CustomArray - Array of capacity 10 was created
2025-10-31 02:05:53 INFO  CustomArray - The item 123 was added to the array
2025-10-31 02:05:53 INFO  CustomArray - The item 45678 was added to the array
2025-10-31 02:05:53 INFO  CountOfElemServiceImpl - Count of elements(2)
2025-10-31 02:05:53 INFO  CustomArray - Array of capacity 10 was created
2025-10-31 02:05:53 INFO  CustomArray - Array of capacity 10 was created
2025-10-31 02:05:53 INFO  CustomArray - The item 123 was added to the array
2025-10-31 02:05:53 INFO  ReplaceByConditionServiceImpl - Element 0 replaced with value 4
2025-10-31 02:05:53 INFO  CustomArray - Array of capacity 10 was created
2025-10-31 02:05:53 INFO  CustomArray - The item 123 was added to the array
2025-10-31 02:05:53 INFO  CustomArray - The item 45678 was added to the array
2025-10-31 02:05:53 INFO  AvgLengthServiceImpl - Avg length: 4
2025-10-31 02:05:53 INFO  CustomArray - Array of capacity 10 was created
2025-10-31 02:05:53 INFO  CustomArray - Array of capacity 10 was created
2025-10-31 02:05:53 INFO  CustomArray - Array of capacity 10 was created
2025-10-31 02:05:53 INFO  CustomArray - Array of capacity 10 was created
2025-10-31 02:05:53 INFO  CustomArray - The item 12 was added to the array
2025-10-31 02:05:53 INFO  CustomArray - The item 123 was added to the array
2025-10-31 02:05:53 INFO  MinMaxServiceImpl - max = 123
2025-10-31 02:05:53 INFO  CustomArray - Array of capacity 10 was created
2025-10-31 02:05:53 INFO  CustomArray - The item 12 was added to the array
2025-10-31 02:05:53 INFO  CustomArray - The item 123 was added to the array
2025-10-31 02:05:53 INFO  MinMaxServiceImpl - min = 12
2025-10-31 02:06:17 INFO  CustomArray - Array of capacity 10 was created
2025-10-31 02:06:17 INFO  CustomArray - The item 123 was added to the array
2025-10-31 02:06:17 INFO  CustomArray - The item 45678 was added to the array
2025-10-31 02:06:17 INFO  CountOfElemServiceImpl - Count of elements(2)
2025-10-31 02:06:17 INFO  CustomArray - Array of capacity 10 was created
2025-10-31 02:06:17 INFO  CustomArray - Array of capacity 10 was created
2025-10-31 02:06:17 INFO  CustomArray - The item 123 was added to the array
2025-10-31 02:06:17 INFO  ReplaceByConditionServiceImpl - Element 0 replaced with value 4
2025-10-31 02:06:17 INFO  ReplaceByConditionServiceImpl - Element 0 replaced with value 4
2025-10-31 02:06:17 INFO  CustomArray - Array of capacity 10 was created
2025-10-31 02:06:17 INFO  CustomArray - The item 123 was added to the array
2025-10-31 02:06:17 INFO  CustomArray - The item 45678 was added to the array
2025-10-31 02:06:17 INFO  AvgLengthServiceImpl - Avg length: 4
2025-10-31 02:06:17 INFO  CustomArray - Array of capacity 10 was created
2025-10-31 02:06:17 INFO  CustomArray - Array of capacity 10 was created
2025-10-31 02:06:17 INFO  CustomArray - Array of capacity 10 was created
2025-10-31 02:06:17 INFO  CustomArray - Array of capacity 10 was created
2025-10-31 02:06:17 INFO  CustomArray - The item 12 was added to the array
2025-10-31 02:06:17 INFO  CustomArray - The item 123 was added to the array
2025-10-31 02:06:17 INFO  MinMaxServiceImpl - max = 123
2025-10-31 02:06:17 INFO  CustomArray - Array of capacity 10 was created
2025-10-31 02:06:17 INFO  CustomArray - The item 12 was added to the array
2025-10-31 02:06:17 INFO  CustomArray - The item 123 was added to the array
2025-10-31 02:06:17 INFO  MinMaxServiceImpl - min = 12
2025-10-31 02:41:34 INFO  CustomArray - Array of capacity 10 was created
2025-10-31 02:41:34 INFO  CustomArray - The item 123 was added to the array
2025-10-31 02:41:34 INFO  CustomArray - The item 45678 was added to the array
2025-10-31 02:41:34 INFO  CountOfElemServiceImpl - Count of elements(2)
2025-10-31 02:41:34 INFO  CustomArray - Array of capacity 10 was created
2025-10-31 02:41:34 INFO  CustomArray - Array of capacity 10 was created
2025-10-31 02:41:34 INFO  CustomArray - The item 123 was added to the array
2025-10-31 02:41:34 INFO  ReplaceByConditionServiceImpl - Element 0 replaced with value 4
2025-10-31 02:41:34 INFO  CustomArray - Array of capacity 10 was created
2025-10-31 02:41:34 INFO  CustomArray - The item 123 was added to the array
2025-10-31 02:41:34 INFO  CustomArray - The item 45678 was added to the array
2025-10-31 02:41:34 INFO  AvgLengthServiceImpl - Avg length: 4
2025-10-31 02:41:34 INFO  CustomArray - Array of capacity 10 was created
2025-10-31 02:41:34 INFO  CustomArray - The item 333 was added to the array
2025-10-31 02:41:34 INFO  CustomArray - The item 22 was added to the array
2025-10-31 02:41:34 INFO  CustomArray - The item 1 was added to the array
2025-10-31 02:41:34 INFO  CustomArray - CustomArray created from existing array, size: 3
2025-10-31 02:41:34 INFO  CustomArray - Array of capacity 10 was created
2025-10-31 02:41:34 INFO  CustomArray - Array of capacity 10 was created
2025-10-31 02:41:34 INFO  CustomArray - Array of capacity 10 was created
2025-10-31 02:41:34 INFO  CustomArray - The item 12 was added to the array
2025-10-31 02:41:34 INFO  CustomArray - The item 123 was added to the array
2025-10-31 02:41:34 INFO  MinMaxServiceImpl - max = 123
2025-10-31 02:41:34 INFO  CustomArray - Array of capacity 10 was created
2025-10-31 02:41:34 INFO  CustomArray - The item 12 was added to the array
2025-10-31 02:41:34 INFO  CustomArray - The item 123 was added to the array
2025-10-31 02:41:34 INFO  MinMaxServiceImpl - min = 12
2025-10-31 02:42:50 INFO  CustomArray - Array of capacity 10 was created
2025-10-31 02:42:50 INFO  CustomArray - The item 123 was added to the array
2025-10-31 02:42:50 INFO  CustomArray - The item 45678 was added to the array
2025-10-31 02:42:50 INFO  CountOfElemServiceImpl - Count of elements(2)
2025-10-31 02:42:50 INFO  CustomArray - Array of capacity 10 was created
2025-10-31 02:42:50 INFO  CustomArray - Array of capacity 10 was created
2025-10-31 02:42:50 INFO  CustomArray - The item 123 was added to the array
2025-10-31 02:42:50 INFO  ReplaceByConditionServiceImpl - Element 0 replaced with value 4
2025-10-31 02:42:50 INFO  CustomArray - Array of capacity 10 was created
2025-10-31 02:42:50 INFO  CustomArray - The item 123 was added to the array
2025-10-31 02:42:50 INFO  CustomArray - The item 45678 was added to the array
2025-10-31 02:42:50 INFO  AvgLengthServiceImpl - Avg length: 4
2025-10-31 02:42:50 INFO  CustomArray - Array of capacity 10 was created
2025-10-31 02:42:50 INFO  CustomArray - The item 333 was added to the array
2025-10-31 02:42:50 INFO  CustomArray - The item 22 was added to the array
2025-10-31 02:42:50 INFO  CustomArray - The item 1 was added to the array
2025-10-31 02:42:50 INFO  CustomArray - CustomArray created from existing array, size: 3
2025-10-31 02:42:50 INFO  CustomArray - Array of capacity 10 was created
2025-10-31 02:42:50 INFO  CustomArray - Array of capacity 10 was created
2025-10-31 02:42:50 INFO  CustomArray - Array of capacity 10 was created
2025-10-31 02:42:50 INFO  CustomArray - The item 12 was added to the array
2025-10-31 02:42:50 INFO  CustomArray - The item 123 was added to the array
2025-10-31 02:42:50 INFO  MinMaxServiceImpl - max = 123
2025-10-31 02:42:50 INFO  CustomArray - Array of capacity 10 was created
2025-10-31 02:42:50 INFO  CustomArray - The item 12 was added to the array
2025-10-31 02:42:50 INFO  CustomArray - The item 123 was added to the array
2025-10-31 02:42:50 INFO  MinMaxServiceImpl - min = 12
2025-10-31 02:43:24 INFO  CustomArray - Array of capacity 10 was created
2025-10-31 02:43:24 INFO  CustomArray - The item 123 was added to the array
2025-10-31 02:43:24 INFO  CustomArray - The item 45678 was added to the array
2025-10-31 02:43:24 INFO  CountOfElemServiceImpl - Count of elements(2)
2025-10-31 02:43:24 INFO  CustomArray - Array of capacity 10 was created
2025-10-31 02:43:24 INFO  CustomArray - Array of capacity 10 was created
2025-10-31 02:43:24 INFO  CustomArray - The item 123 was added to the array
2025-10-31 02:43:24 INFO  ReplaceByConditionServiceImpl - Element 0 replaced with value 4
2025-10-31 02:43:24 INFO  CustomArray - Array of capacity 10 was created
2025-10-31 02:43:24 INFO  CustomArray - The item 123 was added to the array
2025-10-31 02:43:24 INFO  CustomArray - The item 45678 was added to the array
2025-10-31 02:43:24 INFO  AvgLengthServiceImpl - Avg length: 4
2025-10-31 02:43:24 INFO  CustomArray - Array of capacity 10 was created
2025-10-31 02:43:24 INFO  CustomArray - The item 333 was added to the array
2025-10-31 02:43:24 INFO  CustomArray - The item 22 was added to the array
2025-10-31 02:43:24 INFO  CustomArray - The item 1 was added to the array
2025-10-31 02:43:24 INFO  CustomArray - CustomArray created from existing array, size: 3
2025-10-31 02:43:24 INFO  CustomArray - Array of capacity 10 was created
2025-10-31 02:43:24 INFO  CustomArray - Array of capacity 10 was created
2025-10-31 02:43:24 INFO  CustomArray - Array of capacity 10 was created
2025-10-31 02:43:24 INFO  CustomArray - The item 12 was added to the array
2025-10-31 02:43:24 INFO  CustomArray - The item 123 was added to the array
2025-10-31 02:43:24 INFO  MinMaxServiceImpl - max = 123
2025-10-31 02:43:24 INFO  CustomArray - Array of capacity 10 was created
2025-10-31 02:43:24 INFO  CustomArray - The item 12 was added to the array
2025-10-31 02:43:24 INFO  CustomArray - The item 123 was added to the array
2025-10-31 02:43:24 INFO  MinMaxServiceImpl - min = 12
2025-10-31 02:46:47 INFO  CustomArray - Array of capacity 10 was created
2025-10-31 02:46:47 INFO  CustomArray - The item 123 was added to the array
2025-10-31 02:46:47 INFO  CustomArray - The item 45678 was added to the array
2025-10-31 02:46:47 INFO  CountOfElemServiceImpl - Count of elements(2)
2025-10-31 02:46:47 INFO  CustomArray - Array of capacity 10 was created
2025-10-31 02:46:47 INFO  CustomArray - Array of capacity 10 was created
2025-10-31 02:46:47 INFO  CustomArray - The item 123 was added to the array
2025-10-31 02:46:47 INFO  ReplaceByConditionServiceImpl - Element 0 replaced with value 4
2025-10-31 02:46:47 INFO  CustomArray - Array of capacity 10 was created
2025-10-31 02:46:47 INFO  CustomArray - The item 123 was added to the array
2025-10-31 02:46:47 INFO  CustomArray - The item 45678 was added to the array
2025-10-31 02:46:47 INFO  AvgLengthServiceImpl - Avg length: 4
2025-10-31 02:46:47 INFO  CustomArray - Array of capacity 10 was created
2025-10-31 02:46:47 INFO  CustomArray - The item 333 was added to the array
2025-10-31 02:46:47 INFO  CustomArray - The item 22 was added to the array
2025-10-31 02:46:47 INFO  CustomArray - The item 1 was added to the array
2025-10-31 02:46:47 INFO  CustomArray - CustomArray created from existing array, size: 3
2025-10-31 02:46:47 INFO  CustomArray - Array of capacity 10 was created
2025-10-31 02:46:47 INFO  CustomArray - Array of capacity 10 was created
2025-10-31 02:46:47 INFO  CustomArray - CustomArray created from existing array, size: 0
2025-10-31 02:46:47 INFO  CustomArray - Array of capacity 10 was created
2025-10-31 02:46:47 INFO  CustomArray - The item 12 was added to the array
2025-10-31 02:46:47 INFO  CustomArray - The item 123 was added to the array
2025-10-31 02:46:47 INFO  MinMaxServiceImpl - max = 123
2025-10-31 02:46:47 INFO  CustomArray - Array of capacity 10 was created
2025-10-31 02:46:47 INFO  CustomArray - The item 12 was added to the array
2025-10-31 02:46:47 INFO  CustomArray - The item 123 was added to the array
2025-10-31 02:46:47 INFO  MinMaxServiceImpl - min = 12
2025-10-31 02:55:10 INFO  CustomArray - Array of capacity 10 was created
2025-10-31 02:55:10 INFO  CustomArray - The item 123 was added to the array
2025-10-31 02:55:10 INFO  CustomArray - The item 45678 was added to the array
2025-10-31 02:55:10 INFO  CountOfElemServiceImpl - Count of elements(2)
2025-10-31 02:55:10 INFO  CustomArray - Array of capacity 10 was created
2025-10-31 02:55:10 INFO  CustomArray - Array of capacity 10 was created
2025-10-31 02:55:10 INFO  CustomArray - The item 123 was added to the array
2025-10-31 02:55:10 INFO  ReplaceByConditionServiceImpl - Element 0 replaced with value 4
2025-10-31 02:55:10 INFO  CustomArray - Array of capacity 10 was created
2025-10-31 02:55:10 INFO  CustomArray - The item 123 was added to the array
2025-10-31 02:55:10 INFO  CustomArray - The item 45678 was added to the array
2025-10-31 02:55:10 INFO  AvgLengthServiceImpl - Avg length: 4
2025-10-31 02:55:10 INFO  CustomArray - Array of capacity 10 was created
2025-10-31 02:55:10 INFO  CustomArray - The item 333 was added to the array
2025-10-31 02:55:10 INFO  CustomArray - The item 22 was added to the array
2025-10-31 02:55:10 INFO  CustomArray - The item 1 was added to the array
2025-10-31 02:55:10 INFO  CustomArray - CustomArray created from existing array, size: 3
2025-10-31 02:55:10 INFO  CustomArray - Array of capacity 10 was created
2025-10-31 02:55:10 INFO  CustomArray - Array of capacity 10 was created
2025-10-31 02:55:10 INFO  CustomArray - CustomArray created from existing array, size: 0
2025-10-31 02:55:10 INFO  CustomArray - Array of capacity 10 was created
2025-10-31 02:55:10 INFO  CustomArray - The item 12 was added to the array
2025-10-31 02:55:10 INFO  CustomArray - The item 123 was added to the array
2025-10-31 02:55:10 INFO  MinMaxServiceImpl - max = 123
2025-10-31 02:55:10 INFO  CustomArray - Array of capacity 10 was created
2025-10-31 02:55:10 INFO  CustomArray - The item 12 was added to the array
2025-10-31 02:55:10 INFO  CustomArray - The item 123 was added to the array
2025-10-31 02:55:10 INFO  MinMaxServiceImpl - min = 12
2025-10-31 02:56:53 INFO  CustomArray - Array of capacity 10 was created
2025-10-31 02:56:53 INFO  CustomArray - The item 123 was added to the array
2025-10-31 02:56:53 INFO  CustomArray - The item 45678 was added to the array
2025-10-31 02:56:53 INFO  CountOfElemServiceImpl - Count of elements(2)
2025-10-31 02:56:53 INFO  CustomArray - Array of capacity 10 was created
2025-10-31 02:56:53 INFO  CustomArray - Array of capacity 10 was created
2025-10-31 02:56:53 INFO  CustomArray - The item 123 was added to the array
2025-10-31 02:56:53 INFO  ReplaceByConditionServiceImpl - Element 0 replaced with value 4
2025-10-31 02:56:53 INFO  CustomArray - Array of capacity 10 was created
2025-10-31 02:56:53 INFO  CustomArray - The item 123 was added to the array
2025-10-31 02:56:53 INFO  CustomArray - The item 45678 was added to the array
2025-10-31 02:56:53 INFO  AvgLengthServiceImpl - Avg length: 4
2025-10-31 02:56:53 INFO  CustomArray - Array of capacity 10 was created
2025-10-31 02:56:53 INFO  CustomArray - The item 333 was added to the array
2025-10-31 02:56:53 INFO  CustomArray - The item 22 was added to the array
2025-10-31 02:56:53 INFO  CustomArray - The item 1 was added to the array
2025-10-31 02:56:53 INFO  CustomArray - CustomArray created from existing array, size: 3
2025-10-31 02:56:54 INFO  CustomArray - Array of capacity 10 was created
2025-10-31 02:56:54 INFO  CustomArray - Array of capacity 10 was created
2025-10-31 02:56:54 INFO  CustomArray - CustomArray created from existing array, size: 0
2025-10-31 02:56:54 INFO  CustomArray - Array of capacity 10 was created
2025-10-31 02:56:54 INFO  CustomArray - The item 12 was added to the array
2025-10-31 02:56:54 INFO  CustomArray - The item 123 was added to the array
2025-10-31 02:56:54 INFO  MinMaxServiceImpl - max = 123
2025-10-31 02:56:54 INFO  CustomArray - Array of capacity 10 was created
2025-10-31 02:56:54 INFO  CustomArray - The item 12 was added to the array
2025-10-31 02:56:54 INFO  CustomArray - The item 123 was added to the array
2025-10-31 02:56:54 INFO  MinMaxServiceImpl - min = 12
2025-10-31 03:00:25 INFO  CustomArray - Array of capacity 10 was created
2025-10-31 03:00:25 INFO  CustomArray - The item 123 was added to the array
2025-10-31 03:00:25 INFO  CustomArray - The item 45678 was added to the array
2025-10-31 03:00:25 INFO  CountOfElemServiceImpl - Count of elements(2)
2025-10-31 03:00:25 INFO  CustomArray - Array of capacity 10 was created
2025-10-31 03:00:25 INFO  CustomArray - Array of capacity 10 was created
2025-10-31 03:00:25 INFO  CustomArray - The item 123 was added to the array
2025-10-31 03:00:25 INFO  ReplaceByConditionServiceImpl - Element 0 replaced with value 4
2025-10-31 03:00:25 INFO  CustomArray - Array of capacity 10 was created
2025-10-31 03:00:25 INFO  CustomArray - The item 123 was added to the array
2025-10-31 03:00:25 INFO  CustomArray - The item 45678 was added to the array
2025-10-31 03:00:25 INFO  AvgLengthServiceImpl - Avg length: 4
2025-10-31 03:00:25 INFO  CustomArray - Array of capacity 10 was created
2025-10-31 03:00:25 INFO  CustomArray - The item 333 was added to the array
2025-10-31 03:00:25 INFO  CustomArray - The item 22 was added to the array
2025-10-31 03:00:25 INFO  CustomArray - The item 1 was added to the array
2025-10-31 03:00:25 INFO  CustomArray - CustomArray created from existing array, size: 3
2025-10-31 03:00:25 INFO  CustomArray - Array of capacity 10 was created
2025-10-31 03:00:25 INFO  CustomArray - Array of capacity 10 was created
2025-10-31 03:00:25 INFO  CustomArray - CustomArray created from existing array, size: 0
2025-10-31 03:00:25 INFO  CustomArray - Array of capacity 10 was created
2025-10-31 03:00:25 INFO  CustomArray - The item 12 was added to the array
2025-10-31 03:00:25 INFO  CustomArray - The item 123 was added to the array
2025-10-31 03:00:25 INFO  MinMaxServiceImpl - max = 123
2025-10-31 03:00:25 INFO  CustomArray - Array of capacity 10 was created
2025-10-31 03:00:25 INFO  CustomArray - The item 12 was added to the array
2025-10-31 03:00:25 INFO  CustomArray - The item 123 was added to the array
2025-10-31 03:00:25 INFO  MinMaxServiceImpl - min = 12
2025-10-31 03:01:09 INFO  CustomArray - Array of capacity 10 was created
2025-10-31 03:01:09 INFO  CustomArray - The item 123 was added to the array
2025-10-31 03:01:09 INFO  CustomArray - The item 45678 was added to the array
2025-10-31 03:01:09 INFO  CountOfElemServiceImpl - Count of elements(2)
2025-10-31 03:01:09 INFO  CustomArray - Array of capacity 10 was created
2025-10-31 03:01:09 INFO  CustomArray - Array of capacity 10 was created
2025-10-31 03:01:09 INFO  CustomArray - The item 123 was added to the array
2025-10-31 03:01:09 INFO  ReplaceByConditionServiceImpl - Element 0 replaced with value 4
2025-10-31 03:01:09 INFO  CustomArray - Array of capacity 10 was created
2025-10-31 03:01:09 INFO  CustomArray - The item 123 was added to the array
2025-10-31 03:01:09 INFO  CustomArray - The item 45678 was added to the array
2025-10-31 03:01:09 INFO  AvgLengthServiceImpl - Avg length: 4
2025-10-31 03:01:09 INFO  CustomArray - Array of capacity 10 was created
2025-10-31 03:01:09 INFO  CustomArray - The item 333 was added to the array
2025-10-31 03:01:09 INFO  CustomArray - The item 22 was added to the array
2025-10-31 03:01:09 INFO  CustomArray - The item 1 was added to the array
2025-10-31 03:01:09 INFO  CustomArray - CustomArray created from existing array, size: 3
2025-10-31 03:01:09 INFO  CustomArray - Array of capacity 10 was created
2025-10-31 03:01:09 INFO  CustomArray - Array of capacity 10 was created
2025-10-31 03:01:09 INFO  CustomArray - CustomArray created from existing array, size: 0
2025-10-31 03:01:09 INFO  CustomArray - Array of capacity 10 was created
2025-10-31 03:01:09 INFO  CustomArray - The item 12 was added to the array
2025-10-31 03:01:09 INFO  CustomArray - The item 123 was added to the array
2025-10-31 03:01:09 INFO  MinMaxServiceImpl - max = 123
2025-10-31 03:01:09 INFO  CustomArray - Array of capacity 10 was created
2025-10-31 03:01:09 INFO  CustomArray - The item 12 was added to the array
2025-10-31 03:01:09 INFO  CustomArray - The item 123 was added to the array
2025-10-31 03:01:09 INFO  MinMaxServiceImpl - min = 12
2025-10-31 03:02:44 INFO  CustomArray - Array of capacity 10 was created
2025-10-31 03:02:44 INFO  CustomArray - The item 123 was added to the array
2025-10-31 03:02:44 INFO  CustomArray - The item 45678 was added to the array
2025-10-31 03:02:44 INFO  CountOfElemServiceImpl - Count of elements(2)
2025-10-31 03:02:44 INFO  CustomArray - Array of capacity 10 was created
2025-10-31 03:02:44 INFO  CustomArray - Array of capacity 10 was created
2025-10-31 03:02:44 INFO  CustomArray - The item 123 was added to the array
2025-10-31 03:02:44 INFO  ReplaceByConditionServiceImpl - Element 0 replaced with value 4
2025-10-31 03:02:44 INFO  CustomArray - Array of capacity 10 was created
2025-10-31 03:02:44 INFO  CustomArray - The item 123 was added to the array
2025-10-31 03:02:44 INFO  CustomArray - The item 45678 was added to the array
2025-10-31 03:02:44 INFO  AvgLengthServiceImpl - Avg length: 4
2025-10-31 03:02:44 INFO  CustomArray - Array of capacity 10 was created
2025-10-31 03:02:44 INFO  CustomArray - The item 333 was added to the array
2025-10-31 03:02:44 INFO  CustomArray - The item 22 was added to the array
2025-10-31 03:02:44 INFO  CustomArray - The item 1 was added to the array
2025-10-31 03:02:44 INFO  CustomArray - CustomArray created from existing array, size: 3
2025-10-31 03:02:44 INFO  CustomArray - Array of capacity 10 was created
2025-10-31 03:02:44 INFO  CustomArray - Array of capacity 10 was created
2025-10-31 03:02:44 ERROR CustomArrayValidatorImpl - Invalid size 0
2025-10-31 03:02:44 INFO  CustomArray - Array of capacity 10 was created
2025-10-31 03:02:44 INFO  CustomArray - The item 12 was added to the array
2025-10-31 03:02:44 INFO  CustomArray - The item 123 was added to the array
2025-10-31 03:02:44 INFO  MinMaxServiceImpl - max = 123
2025-10-31 03:02:44 INFO  CustomArray - Array of capacity 10 was created
2025-10-31 03:02:44 INFO  CustomArray - The item 12 was added to the array
2025-10-31 03:02:44 INFO  CustomArray - The item 123 was added to the array
2025-10-31 03:02:44 INFO  MinMaxServiceImpl - min = 12
2025-10-31 03:03:14 INFO  CustomArray - Array of capacity 2 was created
2025-10-31 03:03:14 INFO  CustomArray - The item table was added to the array
2025-10-31 03:03:14 ERROR CustomArrayValidatorImpl - Invalid index 2
2025-10-31 03:03:14 INFO  CustomArray - Array of capacity 2 was created
2025-10-31 03:03:14 INFO  CustomArray - The item book was added to the array
2025-10-31 03:03:14 INFO  CustomArray - The item tail was added to the array
2025-10-31 03:03:14 ERROR CustomArray - Error occured while adding ice to the array
2025-10-31 03:05:01 INFO  CustomArray - Array of capacity 10 was created
2025-10-31 03:05:01 INFO  CustomArray - The item 123 was added to the array
2025-10-31 03:05:01 INFO  CustomArray - The item 45678 was added to the array
2025-10-31 03:05:01 INFO  CountOfElemServiceImpl - Count of elements(2)
2025-10-31 03:05:01 INFO  CustomArray - Array of capacity 10 was created
2025-10-31 03:05:01 INFO  CustomArray - Array of capacity 10 was created
2025-10-31 03:05:01 INFO  CustomArray - The item 123 was added to the array
2025-10-31 03:05:01 INFO  ReplaceByConditionServiceImpl - Element 0 replaced with value 4
2025-10-31 03:05:01 INFO  CustomArray - Array of capacity 10 was created
2025-10-31 03:05:01 INFO  CustomArray - The item 123 was added to the array
2025-10-31 03:05:01 INFO  CustomArray - The item 45678 was added to the array
2025-10-31 03:05:01 INFO  AvgLengthServiceImpl - Avg length: 4
2025-10-31 03:05:01 INFO  CustomArray - Array of capacity 10 was created
2025-10-31 03:05:01 INFO  CustomArray - The item 333 was added to the array
2025-10-31 03:05:01 INFO  CustomArray - The item 22 was added to the array
2025-10-31 03:05:01 INFO  CustomArray - The item 1 was added to the array
2025-10-31 03:05:01 INFO  CustomArray - CustomArray created from existing array, size: 3
2025-10-31 03:05:01 INFO  CustomArray - Array of capacity 10 was created
2025-10-31 03:05:01 INFO  CustomArray - Array of capacity 10 was created
2025-10-31 03:05:01 ERROR CustomArrayValidatorImpl - Invalid size 0
2025-10-31 03:05:01 INFO  CustomArray - Array of capacity 10 was created
2025-10-31 03:05:01 INFO  CustomArray - The item 12 was added to the array
2025-10-31 03:05:01 INFO  CustomArray - The item 123 was added to the array
2025-10-31 03:05:01 INFO  MinMaxServiceImpl - max = 123
2025-10-31 03:05:01 INFO  CustomArray - Array of capacity 10 was created
2025-10-31 03:05:01 INFO  CustomArray - The item 12 was added to the array
2025-10-31 03:05:01 INFO  CustomArray - The item 123 was added to the array
2025-10-31 03:05:01 INFO  MinMaxServiceImpl - min = 12
2025-10-31 03:08:50 INFO  CustomArray - Array of capacity 10 was created
2025-10-31 03:08:50 INFO  CustomArray - The item 123 was added to the array
2025-10-31 03:08:50 INFO  CustomArray - The item 45678 was added to the array
2025-10-31 03:08:50 INFO  CountOfElemServiceImpl - Count of elements(2)
2025-10-31 03:08:50 INFO  CustomArray - Array of capacity 10 was created
2025-10-31 03:08:50 ERROR CustomArrayValidatorImpl - Invalid size 0
2025-10-31 03:08:50 INFO  CustomArray - Array of capacity 10 was created
2025-10-31 03:08:50 INFO  CustomArray - Array of capacity 10 was created
2025-10-31 03:08:50 INFO  CustomArray - The item 123 was added to the array
2025-10-31 03:08:50 INFO  ReplaceByConditionServiceImpl - Element 0 replaced with value 4
2025-10-31 03:08:50 INFO  CustomArray - Array of capacity 10 was created
2025-10-31 03:08:50 INFO  CustomArray - The item 123 was added to the array
2025-10-31 03:08:50 INFO  CustomArray - The item 45678 was added to the array
2025-10-31 03:08:50 INFO  AvgLengthServiceImpl - Avg length: 4
2025-10-31 03:08:50 INFO  CustomArray - Array of capacity 10 was created
2025-10-31 03:08:50 INFO  CustomArray - The item 333 was added to the array
2025-10-31 03:08:50 INFO  CustomArray - The item 22 was added to the array
2025-10-31 03:08:50 INFO  CustomArray - The item 1 was added to the array
2025-10-31 03:08:50 INFO  CustomArray - CustomArray created from existing array, size: 3
2025-10-31 03:08:50 INFO  CustomArray - Array of capacity 10 was created
2025-10-31 03:08:50 INFO  CustomArray - Array of capacity 10 was created
2025-10-31 03:08:50 ERROR CustomArrayValidatorImpl - Invalid size 0
2025-10-31 03:08:50 INFO  CustomArray - Array of capacity 10 was created
2025-10-31 03:08:50 INFO  CustomArray - The item 12 was added to the array
2025-10-31 03:08:50 INFO  CustomArray - The item 123 was added to the array
2025-10-31 03:08:50 INFO  MinMaxServiceImpl - max = 123
2025-10-31 03:08:50 INFO  CustomArray - Array of capacity 10 was created
2025-10-31 03:08:50 INFO  CustomArray - The item 12 was added to the array
2025-10-31 03:08:50 INFO  CustomArray - The item 123 was added to the array
2025-10-31 03:08:50 INFO  MinMaxServiceImpl - min = 12
2025-10-31 03:20:20 INFO  CustomArray - Array of capacity 10 was created
2025-10-31 03:20:20 INFO  CustomArray - The item 333 was added to the array
2025-10-31 03:20:20 INFO  CustomArray - The item 22 was added to the array
2025-10-31 03:20:20 INFO  CustomArray - The item 1 was added to the array
2025-10-31 03:20:20 INFO  CustomArray - Array of capacity 10 was created
2025-10-31 03:20:20 INFO  CustomArray - The item 123 was added to the array
2025-10-31 03:20:20 INFO  CustomArray - The item 45678 was added to the array
2025-10-31 03:20:20 INFO  CustomArray - Array of capacity 10 was created
2025-10-31 03:20:20 INFO  CustomArray - The item 123 was added to the array
2025-10-31 03:20:20 INFO  CustomArray - Array of capacity 10 was created
2025-10-31 03:20:20 ERROR CustomArrayValidatorImpl - Invalid size 0
2025-10-31 03:20:20 INFO  CustomArray - Array of capacity 10 was created
2025-10-31 03:20:20 INFO  CustomArray - The item 123 was added to the array
2025-10-31 03:20:20 INFO  CustomArray - The item 45678 was added to the array
2025-10-31 03:20:20 INFO  CustomArray - Array of capacity 10 was created
2025-10-31 03:20:20 ERROR CustomArrayValidatorImpl - Invalid size 0
2025-10-31 03:20:20 INFO  CustomArray - Array of capacity 10 was created
2025-10-31 03:20:20 INFO  CustomArray - The item 12 was added to the array
2025-10-31 03:20:20 INFO  CustomArray - The item 123 was added to the array
2025-10-31 03:21:03 INFO  CustomArray - Array of capacity 10 was created
2025-10-31 03:21:03 INFO  CustomArray - The item 333 was added to the array
2025-10-31 03:21:03 INFO  CustomArray - The item 22 was added to the array
2025-10-31 03:21:03 INFO  CustomArray - The item 1 was added to the array
2025-10-31 03:21:03 INFO  CustomArray - CustomArray created from existing array, size: 3
2025-10-31 03:21:03 INFO  CustomArray - CustomArray created from existing array, size: 3
2025-10-31 03:21:03 INFO  CustomArray - CustomArray created from existing array, size: 3
2025-10-31 03:21:03 INFO  CustomArray - Array of capacity 10 was created
2025-10-31 03:21:03 INFO  CustomArray - The item 123 was added to the array
2025-10-31 03:21:03 INFO  CustomArray - The item 45678 was added to the array
2025-10-31 03:21:03 INFO  CountOfElemServiceImpl - Count of elements(2)
2025-10-31 03:21:03 INFO  CustomArray - Array of capacity 10 was created
2025-10-31 03:21:03 INFO  CustomArray - The item 123 was added to the array
2025-10-31 03:21:03 INFO  ReplaceByConditionServiceImpl - Element 0 replaced with value 4
2025-10-31 03:21:03 INFO  CustomArray - Array of capacity 10 was created
2025-10-31 03:21:04 INFO  CustomArray - Array of capacity 10 was created
2025-10-31 03:21:04 INFO  CustomArray - The item 123 was added to the array
2025-10-31 03:21:04 INFO  CustomArray - The item 45678 was added to the array
2025-10-31 03:21:04 INFO  AvgLengthServiceImpl - Avg length: 4
2025-10-31 03:21:04 INFO  CustomArray - Array of capacity 10 was created
2025-10-31 03:21:04 ERROR CustomArrayValidatorImpl - Invalid size 0
2025-10-31 03:21:04 INFO  CustomArray - Array of capacity 10 was created
2025-10-31 03:21:04 INFO  CustomArray - The item 12 was added to the array
2025-10-31 03:21:04 INFO  CustomArray - The item 123 was added to the array
2025-10-31 03:21:04 INFO  MinMaxServiceImpl - min = 12
2025-10-31 03:21:04 INFO  MinMaxServiceImpl - max = 123
2025-10-31 03:22:40 INFO  CustomArray - Array of capacity 10 was created
2025-10-31 03:22:40 INFO  CustomArray - The item 333 was added to the array
2025-10-31 03:22:40 INFO  CustomArray - The item 22 was added to the array
2025-10-31 03:22:40 INFO  CustomArray - The item 1 was added to the array
2025-10-31 03:22:40 INFO  CustomArray - CustomArray created from existing array, size: 3
2025-10-31 03:22:40 INFO  CustomArray - CustomArray created from existing array, size: 3
2025-10-31 03:22:40 INFO  CustomArray - CustomArray created from existing array, size: 3
2025-10-31 03:22:40 INFO  CustomArray - Array of capacity 10 was created
2025-10-31 03:22:40 INFO  CustomArray - The item 123 was added to the array
2025-10-31 03:22:40 INFO  CustomArray - The item 45678 was added to the array
2025-10-31 03:22:40 INFO  CountOfElemServiceImpl - Count of elements(2)
2025-10-31 03:22:40 INFO  CustomArray - Array of capacity 10 was created
2025-10-31 03:22:40 INFO  CustomArray - The item 123 was added to the array
2025-10-31 03:22:40 INFO  ReplaceByConditionServiceImpl - Element 0 replaced with value 4
2025-10-31 03:22:40 INFO  CustomArray - Array of capacity 10 was created
2025-10-31 03:22:41 INFO  CustomArray - Array of capacity 10 was created
2025-10-31 03:22:41 INFO  CustomArray - The item 123 was added to the array
2025-10-31 03:22:41 INFO  CustomArray - The item 45678 was added to the array
2025-10-31 03:22:41 INFO  AvgLengthServiceImpl - Avg length: 4
2025-10-31 03:22:41 INFO  CustomArray - Array of capacity 10 was created
2025-10-31 03:22:41 ERROR CustomArrayValidatorImpl - Invalid size 0
2025-10-31 03:22:41 INFO  CustomArray - Array of capacity 10 was created
2025-10-31 03:22:41 INFO  CustomArray - The item 12 was added to the array
2025-10-31 03:22:41 INFO  CustomArray - The item 123 was added to the array
2025-10-31 03:22:41 INFO  MinMaxServiceImpl - min = 12
2025-10-31 03:22:41 INFO  MinMaxServiceImpl - max = 123
2025-10-31 03:25:09 INFO  CustomArray - Array of capacity 10 was created
2025-10-31 03:25:09 INFO  CustomArray - The item 333 was added to the array
2025-10-31 03:25:09 INFO  CustomArray - The item 22 was added to the array
2025-10-31 03:25:09 INFO  CustomArray - The item 1 was added to the array
2025-10-31 03:25:09 INFO  CustomArray - CustomArray created from existing array, size: 3
2025-10-31 03:25:09 INFO  CustomArray - CustomArray created from existing array, size: 3
2025-10-31 03:25:09 INFO  CustomArray - CustomArray created from existing array, size: 3
2025-10-31 03:25:09 INFO  CustomArray - Array of capacity 10 was created
2025-10-31 03:25:09 INFO  CustomArray - The item 123 was added to the array
2025-10-31 03:25:09 INFO  CustomArray - The item 45678 was added to the array
2025-10-31 03:25:09 INFO  CountOfElemServiceImpl - Count of elements(2)
2025-10-31 03:25:09 INFO  CustomArray - Array of capacity 10 was created
2025-10-31 03:25:09 INFO  CustomArray - The item 123 was added to the array
2025-10-31 03:25:09 INFO  ReplaceByConditionServiceImpl - Element 0 replaced with value 4
2025-10-31 03:25:09 INFO  CustomArray - Array of capacity 10 was created
2025-10-31 03:25:10 INFO  CustomArray - Array of capacity 10 was created
2025-10-31 03:25:10 INFO  CustomArray - The item 123 was added to the array
2025-10-31 03:25:10 INFO  CustomArray - The item 45678 was added to the array
2025-10-31 03:25:10 INFO  AvgLengthServiceImpl - Avg length: 4
2025-10-31 03:25:10 INFO  CustomArray - Array of capacity 10 was created
2025-10-31 03:25:10 INFO  CustomArray - Array of capacity 10 was created
2025-10-31 03:25:10 INFO  CustomArray - The item 12 was added to the array
2025-10-31 03:25:10 INFO  CustomArray - The item 123 was added to the array
2025-10-31 03:25:10 INFO  MinMaxServiceImpl - min = 12
2025-10-31 03:25:10 INFO  MinMaxServiceImpl - max = 123
2025-10-31 03:25:19 INFO  CustomArray - Array of capacity 10 was created
2025-10-31 03:25:19 INFO  CustomArray - The item 333 was added to the array
2025-10-31 03:25:19 INFO  CustomArray - The item 22 was added to the array
2025-10-31 03:25:19 INFO  CustomArray - The item 1 was added to the array
2025-10-31 03:25:19 INFO  CustomArray - CustomArray created from existing array, size: 3
2025-10-31 03:25:19 INFO  CustomArray - CustomArray created from existing array, size: 3
2025-10-31 03:25:19 INFO  CustomArray - CustomArray created from existing array, size: 3
2025-10-31 03:25:19 INFO  CustomArray - Array of capacity 10 was created
2025-10-31 03:25:19 INFO  CustomArray - The item 123 was added to the array
2025-10-31 03:25:19 INFO  CustomArray - The item 45678 was added to the array
2025-10-31 03:25:19 INFO  CountOfElemServiceImpl - Count of elements(2)
2025-10-31 03:25:19 INFO  CustomArray - Array of capacity 10 was created
2025-10-31 03:25:19 INFO  CustomArray - The item 123 was added to the array
2025-10-31 03:25:19 INFO  ReplaceByConditionServiceImpl - Element 0 replaced with value 4
2025-10-31 03:25:19 INFO  CustomArray - Array of capacity 10 was created
2025-10-31 03:25:20 INFO  CustomArray - Array of capacity 10 was created
2025-10-31 03:25:20 INFO  CustomArray - The item 123 was added to the array
2025-10-31 03:25:20 INFO  CustomArray - The item 45678 was added to the array
2025-10-31 03:25:20 INFO  AvgLengthServiceImpl - Avg length: 4
2025-10-31 03:25:20 INFO  CustomArray - Array of capacity 10 was created
2025-10-31 03:25:20 INFO  CustomArray - Array of capacity 10 was created
2025-10-31 03:25:20 INFO  CustomArray - The item 12 was added to the array
2025-10-31 03:25:20 INFO  CustomArray - The item 123 was added to the array
2025-10-31 03:25:20 INFO  MinMaxServiceImpl - min = 12
2025-10-31 03:25:20 INFO  MinMaxServiceImpl - max = 123
2025-10-31 03:28:19 INFO  CustomArray - Array of capacity 2 was created
2025-10-31 03:28:19 INFO  CustomArray - The item table was added to the array
2025-10-31 03:28:19 ERROR CustomArrayValidatorImpl - Invalid index 2
2025-10-31 03:28:19 INFO  CustomArray - Array of capacity 2 was created
2025-10-31 03:28:19 INFO  CustomArray - The item book was added to the array
2025-10-31 03:28:19 INFO  CustomArray - The item tail was added to the array
2025-10-31 03:28:19 ERROR CustomArray - Error occured while adding ice to the array
2025-10-31 03:28:29 INFO  CustomArray - Array of capacity 10 was created
2025-10-31 03:28:29 INFO  CustomArray - The item 333 was added to the array
2025-10-31 03:28:29 INFO  CustomArray - The item 22 was added to the array
2025-10-31 03:28:29 INFO  CustomArray - The item 1 was added to the array
2025-10-31 03:28:29 INFO  CustomArray - CustomArray created from existing array, size: 3
2025-10-31 03:28:29 INFO  CustomArray - CustomArray created from existing array, size: 3
2025-10-31 03:28:29 INFO  CustomArray - CustomArray created from existing array, size: 3
2025-10-31 03:28:29 INFO  CustomArray - Array of capacity 10 was created
2025-10-31 03:28:29 INFO  CustomArray - The item 123 was added to the array
2025-10-31 03:28:29 INFO  CustomArray - The item 45678 was added to the array
2025-10-31 03:28:30 INFO  CountOfElemServiceImpl - Count of elements(2)
2025-10-31 03:28:30 INFO  CustomArray - Array of capacity 10 was created
2025-10-31 03:28:30 INFO  CustomArray - The item 123 was added to the array
2025-10-31 03:28:30 INFO  ReplaceByConditionServiceImpl - Element 0 replaced with value 4
2025-10-31 03:28:30 INFO  CustomArray - Array of capacity 10 was created
2025-10-31 03:28:30 INFO  CustomArray - Array of capacity 10 was created
2025-10-31 03:28:30 INFO  CustomArray - The item 123 was added to the array
2025-10-31 03:28:30 INFO  CustomArray - The item 45678 was added to the array
2025-10-31 03:28:30 INFO  AvgLengthServiceImpl - Avg length: 4
2025-10-31 03:28:30 INFO  CustomArray - Array of capacity 10 was created
2025-10-31 03:28:30 INFO  CustomArray - Array of capacity 10 was created
2025-10-31 03:28:30 INFO  CustomArray - The item 12 was added to the array
2025-10-31 03:28:30 INFO  CustomArray - The item 123 was added to the array
2025-10-31 03:28:30 INFO  MinMaxServiceImpl - min = 12
2025-10-31 03:28:30 INFO  MinMaxServiceImpl - max = 123
2025-10-31 03:30:48 INFO  CustomArray - Array of capacity 10 was created
2025-10-31 03:30:48 INFO  CustomArray - The item 333 was added to the array
2025-10-31 03:30:48 INFO  CustomArray - The item 22 was added to the array
2025-10-31 03:30:48 INFO  CustomArray - The item 1 was added to the array
2025-10-31 03:30:48 INFO  CustomArray - CustomArray created from existing array, size: 3
2025-10-31 03:30:48 INFO  CustomArray - CustomArray created from existing array, size: 3
2025-10-31 03:30:48 INFO  CustomArray - CustomArray created from existing array, size: 3
2025-10-31 03:30:48 INFO  CustomArray - Array of capacity 10 was created
2025-10-31 03:30:48 INFO  CustomArray - The item 123 was added to the array
2025-10-31 03:30:48 INFO  CustomArray - The item 45678 was added to the array
2025-10-31 03:30:48 INFO  CountOfElemServiceImpl - Count of elements(2)
2025-10-31 03:30:48 INFO  CustomArray - Array of capacity 10 was created
2025-10-31 03:30:48 INFO  CustomArray - The item 123 was added to the array
2025-10-31 03:30:48 INFO  ReplaceByConditionServiceImpl - Element 0 replaced with value 4
2025-10-31 03:30:48 INFO  CustomArray - Array of capacity 10 was created
2025-10-31 03:30:49 INFO  CustomArray - Array of capacity 10 was created
2025-10-31 03:30:49 INFO  CustomArray - The item 123 was added to the array
2025-10-31 03:30:49 INFO  CustomArray - The item 45678 was added to the array
2025-10-31 03:30:49 INFO  AvgLengthServiceImpl - Avg length: 4
2025-10-31 03:30:49 INFO  CustomArray - Array of capacity 10 was created
2025-10-31 03:30:49 INFO  CustomArray - Array of capacity 10 was created
2025-10-31 03:30:49 INFO  CustomArray - The item 12 was added to the array
2025-10-31 03:30:49 INFO  CustomArray - The item 123 was added to the array
2025-10-31 03:30:49 INFO  MinMaxServiceImpl - min = 12
2025-10-31 03:30:49 INFO  MinMaxServiceImpl - max = 123
2025-11-03 17:15:40 INFO  CustomArray - Array of capacity 10 was created
2025-11-03 17:15:40 INFO  CustomArray - The item 333 was added to the array
2025-11-03 17:15:40 INFO  CustomArray - The item 22 was added to the array
2025-11-03 17:15:40 INFO  CustomArray - The item 1 was added to the array
2025-11-03 17:15:40 INFO  CustomArray - CustomArray created from existing array, size: 3
2025-11-03 17:15:40 INFO  CustomArray - CustomArray created from existing array, size: 3
2025-11-03 17:15:40 INFO  CustomArray - CustomArray created from existing array, size: 3
2025-11-03 17:15:40 INFO  CustomArray - Array of capacity 10 was created
2025-11-03 17:15:40 INFO  CustomArray - The item 123 was added to the array
2025-11-03 17:15:40 INFO  CustomArray - The item 45678 was added to the array
2025-11-03 17:15:40 INFO  CountOfElemServiceImpl - Count of elements(2)
2025-11-03 17:15:40 INFO  CustomArray - Array of capacity 10 was created
2025-11-03 17:15:40 INFO  CustomArray - The item 123 was added to the array
2025-11-03 17:15:40 INFO  ReplaceByConditionServiceImpl - Element 0 replaced with value 4
2025-11-03 17:15:40 INFO  CustomArray - Array of capacity 10 was created
2025-11-03 17:15:41 INFO  CustomArray - Array of capacity 10 was created
2025-11-03 17:15:41 INFO  CustomArray - The item 123 was added to the array
2025-11-03 17:15:41 INFO  CustomArray - The item 45678 was added to the array
2025-11-03 17:15:41 INFO  AvgLengthServiceImpl - Avg length: 4
2025-11-03 17:15:41 INFO  CustomArray - Array of capacity 10 was created
2025-11-03 17:15:41 INFO  CustomArray - Array of capacity 10 was created
2025-11-03 17:15:41 INFO  CustomArray - The item 12 was added to the array
2025-11-03 17:15:41 INFO  CustomArray - The item 123 was added to the array
2025-11-03 17:15:41 INFO  MinMaxServiceImpl - min = 12
2025-11-03 17:15:41 INFO  MinMaxServiceImpl - max = 123
